#
# There is insufficient memory for the Java Runtime Environment to continue.
# Native memory allocation (mmap) failed to map 11534336 bytes for G1 virtual space
# Possible reasons:
#   The system is out of physical RAM or swap space
#   The process is running with CompressedOops enabled, and the Java Heap may be blocking the growth of the native heap
# Possible solutions:
#   Reduce memory load on the system
#   Increase physical memory or swap space
#   Check if swap backing store is full
#   Decrease Java heap size (-Xmx/-Xms)
#   Decrease number of Java threads
#   Decrease Java thread stack sizes (-Xss)
#   Set larger code cache with -XX:ReservedCodeCacheSize=
#   JVM is running with Unscaled Compressed Oops mode in which the Java heap is
#     placed in the first 4GB address space. The Java Heap base address is the
#     maximum limit for the native heap growth. Please use -XX:HeapBaseMinAddress
#     to set the Java Heap base and to place the Java Heap above 4GB virtual address.
# This output file may be truncated or incomplete.
#
#  Out of Memory Error (os_windows.cpp:3771), pid=18216, tid=22356
#
# JRE version: OpenJDK Runtime Environment (17.0.7) (build 17.0.7+0-b2043.56-10550314)
# Java VM: OpenJDK 64-Bit Server VM (17.0.7+0-b2043.56-10550314, mixed mode, tiered, compressed oops, compressed class ptrs, g1 gc, windows-amd64)
# No core dump will be written. Minidumps are not enabled by default on client versions of Windows
#

---------------  S U M M A R Y ------------

Command Line: --add-opens=java.base/java.util=ALL-UNNAMED --add-opens=java.base/java.lang=ALL-UNNAMED --add-opens=java.base/java.lang.invoke=ALL-UNNAMED --add-opens=java.prefs/java.util.prefs=ALL-UNNAMED --add-opens=java.base/java.nio.charset=ALL-UNNAMED --add-opens=java.base/java.net=ALL-UNNAMED --add-opens=java.base/java.util.concurrent.atomic=ALL-UNNAMED -Xmx2048m -Dfile.encoding=UTF-8 -Duser.country=US -Duser.language=en -Duser.variant -javaagent:C:\Users\user\.gradle\wrapper\dists\gradle-8.2-bin\bbg7u40eoinfdyxsxr3z4i7ta\gradle-8.2\lib\agents\gradle-instrumentation-agent-8.2.jar org.gradle.launcher.daemon.bootstrap.GradleDaemon 8.2

Host: AMD Ryzen 5 3500U with Radeon Vega Mobile Gfx  , 8 cores, 14G,  Windows 11 , 64 bit Build 22621 (10.0.22621.3235)
Time: Sun Mar 24 08:57:30 2024 SE Asia Standard Time elapsed time: 59.858723 seconds (0d 0h 0m 59s)

---------------  T H R E A D  ---------------

Current thread (0x0000021c1d4a2a30):  VMThread "VM Thread" [stack: 0x0000003273a00000,0x0000003273b00000] [id=22356]

Stack: [0x0000003273a00000,0x0000003273b00000]
Native frames: (J=compiled Java code, j=interpreted, Vv=VM code, C=native code)
V  [jvm.dll+0x683bfa]
V  [jvm.dll+0x8430a4]
V  [jvm.dll+0x8449be]
V  [jvm.dll+0x845023]
V  [jvm.dll+0x24ad2f]
V  [jvm.dll+0x680ac9]
V  [jvm.dll+0x67519a]
V  [jvm.dll+0x30b3cb]
V  [jvm.dll+0x312876]
V  [jvm.dll+0x36221e]
V  [jvm.dll+0x36244f]
V  [jvm.dll+0x2e14a8]
V  [jvm.dll+0x2e4596]
V  [jvm.dll+0x2eed58]
V  [jvm.dll+0x323a40]
V  [jvm.dll+0x8496eb]
V  [jvm.dll+0x84a424]
V  [jvm.dll+0x84a93d]
V  [jvm.dll+0x84ad14]
V  [jvm.dll+0x84ade0]
V  [jvm.dll+0x7f2aea]
V  [jvm.dll+0x682a35]
C  [ucrtbase.dll+0x29363]
C  [KERNEL32.DLL+0x1257d]
C  [ntdll.dll+0x5aa58]

VM_Operation (0x00000032736ff640): G1Concurrent, mode: safepoint, requested by thread 0x0000021c0158f530


---------------  P R O C E S S  ---------------

Threads class SMR info:
_java_thread_list=0x0000021c237af980, length=65, elements={
0x0000021c01523460, 0x0000021c1d4886d0, 0x0000021c1d489540, 0x0000021c1d4afdc0,
0x0000021c1d4e3040, 0x0000021c1d4e3f10, 0x0000021c1d4e5cd0, 0x0000021c1d4e6a60,
0x0000021c1d4f2e20, 0x0000021c1d4f5c30, 0x0000021c1d5dac80, 0x0000021c1d7c7140,
0x0000021c24953310, 0x0000021c2384f830, 0x0000021c240cf370, 0x0000021c23f62d80,
0x0000021c23892250, 0x0000021c228a8080, 0x0000021c228a8a20, 0x0000021c228a7210,
0x0000021c228a76e0, 0x0000021c228a8550, 0x0000021c228a5530, 0x0000021c228a5a00,
0x0000021c228a6870, 0x0000021c228a5ed0, 0x0000021c228a5060, 0x0000021c228a63a0,
0x0000021c228a7bb0, 0x0000021c228a6d40, 0x0000021c23d42ed0, 0x0000021c23d48a40,
0x0000021c23d493e0, 0x0000021c23d433a0, 0x0000021c23d42060, 0x0000021c23d43870,
0x0000021c23d46d60, 0x0000021c23d45ef0, 0x0000021c23d480a0, 0x0000021c23d43d40,
0x0000021c23d45550, 0x0000021c23d498b0, 0x0000021c23d45080, 0x0000021c23d45a20,
0x0000021c23d48570, 0x0000021c23d48f10, 0x0000021c23d42530, 0x0000021c23d42a00,
0x0000021c26227bb0, 0x0000021c26225060, 0x0000021c26228080, 0x0000021c2622a230,
0x0000021c2622ba40, 0x0000021c2622bf10, 0x0000021c2622a700, 0x0000021c26226870,
0x0000021c26226d40, 0x0000021c2622b0a0, 0x0000021c262276e0, 0x0000021c2622abd0,
0x0000021c26229890, 0x0000021c2622c3e0, 0x0000021c26229d60, 0x0000021c271662d0,
0x0000021c27168130
}

Java Threads: ( => current thread )
  0x0000021c01523460 JavaThread "main" [_thread_blocked, id=6540, stack(0x0000003273400000,0x0000003273500000)]
  0x0000021c1d4886d0 JavaThread "Reference Handler" daemon [_thread_blocked, id=19488, stack(0x0000003273b00000,0x0000003273c00000)]
  0x0000021c1d489540 JavaThread "Finalizer" daemon [_thread_blocked, id=23512, stack(0x0000003273c00000,0x0000003273d00000)]
  0x0000021c1d4afdc0 JavaThread "Signal Dispatcher" daemon [_thread_blocked, id=17008, stack(0x0000003273d00000,0x0000003273e00000)]
  0x0000021c1d4e3040 JavaThread "Attach Listener" daemon [_thread_blocked, id=20348, stack(0x0000003273e00000,0x0000003273f00000)]
  0x0000021c1d4e3f10 JavaThread "Service Thread" daemon [_thread_blocked, id=23200, stack(0x0000003273f00000,0x0000003274000000)]
  0x0000021c1d4e5cd0 JavaThread "Monitor Deflation Thread" daemon [_thread_blocked, id=4200, stack(0x0000003274000000,0x0000003274100000)]
  0x0000021c1d4e6a60 JavaThread "C2 CompilerThread0" daemon [_thread_blocked, id=19032, stack(0x0000003274100000,0x0000003274200000)]
  0x0000021c1d4f2e20 JavaThread "C1 CompilerThread0" daemon [_thread_blocked, id=20748, stack(0x0000003274200000,0x0000003274300000)]
  0x0000021c1d4f5c30 JavaThread "Sweeper thread" daemon [_thread_blocked, id=16404, stack(0x0000003274300000,0x0000003274400000)]
  0x0000021c1d5dac80 JavaThread "Common-Cleaner" daemon [_thread_blocked, id=21524, stack(0x0000003274400000,0x0000003274500000)]
  0x0000021c1d7c7140 JavaThread "Notification Thread" daemon [_thread_blocked, id=11204, stack(0x0000003274500000,0x0000003274600000)]
  0x0000021c24953310 JavaThread "Daemon health stats" [_thread_blocked, id=15712, stack(0x0000003274d00000,0x0000003274e00000)]
  0x0000021c2384f830 JavaThread "Incoming local TCP Connector on port 63687" [_thread_in_native, id=16320, stack(0x0000003274700000,0x0000003274800000)]
  0x0000021c240cf370 JavaThread "Daemon periodic checks" [_thread_blocked, id=22616, stack(0x0000003274c00000,0x0000003274d00000)]
  0x0000021c23f62d80 JavaThread "Daemon" [_thread_blocked, id=9056, stack(0x0000003275000000,0x0000003275100000)]
  0x0000021c23892250 JavaThread "Handler for socket connection from /127.0.0.1:63687 to /127.0.0.1:63688" [_thread_in_native, id=15692, stack(0x0000003275100000,0x0000003275200000)]
  0x0000021c228a8080 JavaThread "Cancel handler" [_thread_blocked, id=17364, stack(0x0000003275200000,0x0000003275300000)]
  0x0000021c228a8a20 JavaThread "Daemon worker" [_thread_blocked, id=2876, stack(0x0000003275300000,0x0000003275400000)]
  0x0000021c228a7210 JavaThread "Asynchronous log dispatcher for DefaultDaemonConnection: socket connection from /127.0.0.1:63687 to /127.0.0.1:63688" [_thread_blocked, id=1948, stack(0x0000003275400000,0x0000003275500000)]
  0x0000021c228a76e0 JavaThread "Stdin handler" [_thread_blocked, id=16976, stack(0x0000003275500000,0x0000003275600000)]
  0x0000021c228a8550 JavaThread "Daemon client event forwarder" [_thread_blocked, id=20152, stack(0x0000003275600000,0x0000003275700000)]
  0x0000021c228a5530 JavaThread "Cache worker for journal cache (C:\Users\user\.gradle\caches\journal-1)" [_thread_blocked, id=24016, stack(0x0000003275900000,0x0000003275a00000)]
  0x0000021c228a5a00 JavaThread "File lock request listener" [_thread_in_native, id=20708, stack(0x0000003275a00000,0x0000003275b00000)]
  0x0000021c228a6870 JavaThread "Cache worker for file hash cache (C:\Users\user\.gradle\caches\8.2\fileHashes)" [_thread_blocked, id=21812, stack(0x0000003275b00000,0x0000003275c00000)]
  0x0000021c228a5ed0 JavaThread "File watcher server" daemon [_thread_in_native, id=6612, stack(0x0000003275e00000,0x0000003275f00000)]
  0x0000021c228a5060 JavaThread "File watcher consumer" daemon [_thread_blocked, id=2664, stack(0x0000003275f00000,0x0000003276000000)]
  0x0000021c228a63a0 JavaThread "jar transforms" [_thread_blocked, id=20340, stack(0x0000003276000000,0x0000003276100000)]
  0x0000021c228a7bb0 JavaThread "jar transforms Thread 2" [_thread_blocked, id=5312, stack(0x0000003276100000,0x0000003276200000)]
  0x0000021c228a6d40 JavaThread "jar transforms Thread 3" [_thread_blocked, id=18684, stack(0x0000003276200000,0x0000003276300000)]
  0x0000021c23d42ed0 JavaThread "jar transforms Thread 4" [_thread_blocked, id=23640, stack(0x0000003276300000,0x0000003276400000)]
  0x0000021c23d48a40 JavaThread "jar transforms Thread 5" [_thread_blocked, id=17496, stack(0x0000003276400000,0x0000003276500000)]
  0x0000021c23d493e0 JavaThread "jar transforms Thread 6" [_thread_blocked, id=3088, stack(0x0000003276500000,0x0000003276600000)]
  0x0000021c23d433a0 JavaThread "jar transforms Thread 7" [_thread_blocked, id=21896, stack(0x0000003276600000,0x0000003276700000)]
  0x0000021c23d42060 JavaThread "jar transforms Thread 8" [_thread_blocked, id=20524, stack(0x0000003276700000,0x0000003276800000)]
  0x0000021c23d43870 JavaThread "Cache worker for checksums cache (C:\Users\user\AndroidStudioProjects\ParsonJson\.gradle\8.2\checksums)" [_thread_blocked, id=14248, stack(0x0000003276800000,0x0000003276900000)]
  0x0000021c23d46d60 JavaThread "Cache worker for cache directory md-rule (C:\Users\user\.gradle\caches\8.2\md-rule)" [_thread_blocked, id=18036, stack(0x0000003276900000,0x0000003276a00000)]
  0x0000021c23d45ef0 JavaThread "Cache worker for file content cache (C:\Users\user\.gradle\caches\8.2\fileContent)" [_thread_blocked, id=15628, stack(0x0000003276a00000,0x0000003276b00000)]
  0x0000021c23d480a0 JavaThread "Cache worker for file hash cache (C:\Users\user\AndroidStudioProjects\ParsonJson\.gradle\8.2\fileHashes)" [_thread_blocked, id=24216, stack(0x0000003276b00000,0x0000003276c00000)]
  0x0000021c23d43d40 JavaThread "Cache worker for cache directory md-supplier (C:\Users\user\.gradle\caches\8.2\md-supplier)" [_thread_blocked, id=4908, stack(0x0000003275d00000,0x0000003275e00000)]
  0x0000021c23d45550 JavaThread "Cache worker for execution history cache (C:\Users\user\.gradle\caches\8.2\executionHistory)" [_thread_blocked, id=2940, stack(0x0000003276c00000,0x0000003276d00000)]
  0x0000021c23d498b0 JavaThread "Cache worker for kotlin-dsl (C:\Users\user\.gradle\caches\8.2\kotlin-dsl)" [_thread_blocked, id=15816, stack(0x0000003276e00000,0x0000003276f00000)]
  0x0000021c23d45080 JavaThread "Cache worker for dependencies-accessors (C:\Users\user\AndroidStudioProjects\ParsonJson\.gradle\8.2\dependencies-accessors)" [_thread_blocked, id=22684, stack(0x0000003276f00000,0x0000003277000000)]
  0x0000021c23d45a20 JavaThread "Cache worker for Build Output Cleanup Cache (C:\Users\user\AndroidStudioProjects\ParsonJson\.gradle\buildOutputCleanup)" [_thread_blocked, id=21568, stack(0x0000003277000000,0x0000003277100000)]
  0x0000021c23d48570 JavaThread "Unconstrained build operations" [_thread_blocked, id=18616, stack(0x0000003276d00000,0x0000003276e00000)]
  0x0000021c23d48f10 JavaThread "Unconstrained build operations Thread 2" [_thread_blocked, id=21432, stack(0x0000003277200000,0x0000003277300000)]
  0x0000021c23d42530 JavaThread "Unconstrained build operations Thread 3" [_thread_blocked, id=13772, stack(0x0000003277300000,0x0000003277400000)]
  0x0000021c23d42a00 JavaThread "Unconstrained build operations Thread 4" [_thread_blocked, id=22608, stack(0x0000003277400000,0x0000003277500000)]
  0x0000021c26227bb0 JavaThread "Unconstrained build operations Thread 5" [_thread_blocked, id=4736, stack(0x0000003277500000,0x0000003277600000)]
  0x0000021c26225060 JavaThread "Unconstrained build operations Thread 6" [_thread_blocked, id=23252, stack(0x0000003277600000,0x0000003277700000)]
  0x0000021c26228080 JavaThread "Unconstrained build operations Thread 7" [_thread_blocked, id=19972, stack(0x0000003277700000,0x0000003277800000)]
  0x0000021c2622a230 JavaThread "Unconstrained build operations Thread 8" [_thread_blocked, id=18792, stack(0x0000003277900000,0x0000003277a00000)]
  0x0000021c2622ba40 JavaThread "Unconstrained build operations Thread 9" [_thread_blocked, id=19296, stack(0x0000003277a00000,0x0000003277b00000)]
  0x0000021c2622bf10 JavaThread "Unconstrained build operations Thread 10" [_thread_blocked, id=20808, stack(0x0000003277b00000,0x0000003277c00000)]
  0x0000021c2622a700 JavaThread "Unconstrained build operations Thread 11" [_thread_blocked, id=4772, stack(0x0000003277c00000,0x0000003277d00000)]
  0x0000021c26226870 JavaThread "Unconstrained build operations Thread 12" [_thread_blocked, id=22592, stack(0x0000003277d00000,0x0000003277e00000)]
  0x0000021c26226d40 JavaThread "Unconstrained build operations Thread 13" [_thread_blocked, id=3260, stack(0x0000003275c00000,0x0000003275d00000)]
  0x0000021c2622b0a0 JavaThread "Unconstrained build operations Thread 14" [_thread_blocked, id=7552, stack(0x0000003277800000,0x0000003277900000)]
  0x0000021c262276e0 JavaThread "Unconstrained build operations Thread 15" [_thread_blocked, id=20892, stack(0x0000003277e00000,0x0000003277f00000)]
  0x0000021c2622abd0 JavaThread "Unconstrained build operations Thread 16" [_thread_blocked, id=23580, stack(0x0000003277f00000,0x0000003278000000)]
  0x0000021c26229890 JavaThread "Unconstrained build operations Thread 17" [_thread_blocked, id=12544, stack(0x0000003278000000,0x0000003278100000)]
  0x0000021c2622c3e0 JavaThread "Unconstrained build operations Thread 18" [_thread_blocked, id=18324, stack(0x0000003278100000,0x0000003278200000)]
  0x0000021c26229d60 JavaThread "Unconstrained build operations Thread 19" [_thread_blocked, id=20664, stack(0x0000003278200000,0x0000003278300000)]
  0x0000021c271662d0 JavaThread "C2 CompilerThread1" daemon [_thread_blocked, id=8208, stack(0x0000003278500000,0x0000003278600000)]
  0x0000021c27168130 JavaThread "C2 CompilerThread2" daemon [_thread_blocked, id=18676, stack(0x0000003278600000,0x0000003278700000)]

Other Threads:
=>0x0000021c1d4a2a30 VMThread "VM Thread" [stack: 0x0000003273a00000,0x0000003273b00000] [id=22356]
  0x0000021c1d7c57d0 WatcherThread [stack: 0x0000003274600000,0x0000003274700000] [id=3252]
  0x0000021c0157e5f0 GCTaskThread "GC Thread#0" [stack: 0x0000003273500000,0x0000003273600000] [id=20368]
  0x0000021c22bc66a0 GCTaskThread "GC Thread#1" [stack: 0x0000003274800000,0x0000003274900000] [id=11396]
  0x0000021c2288e0f0 GCTaskThread "GC Thread#2" [stack: 0x0000003274900000,0x0000003274a00000] [id=17004]
  0x0000021c2288e3a0 GCTaskThread "GC Thread#3" [stack: 0x0000003274a00000,0x0000003274b00000] [id=9024]
  0x0000021c2288e650 GCTaskThread "GC Thread#4" [stack: 0x0000003274b00000,0x0000003274c00000] [id=14468]
  0x0000021c23892b30 GCTaskThread "GC Thread#5" [stack: 0x0000003274e00000,0x0000003274f00000] [id=4740]
  0x0000021c236e5ee0 GCTaskThread "GC Thread#6" [stack: 0x0000003274f00000,0x0000003275000000] [id=21236]
  0x0000021c23495140 GCTaskThread "GC Thread#7" [stack: 0x0000003275700000,0x0000003275800000] [id=16208]
  0x0000021c0158f530 ConcurrentGCThread "G1 Main Marker" [stack: 0x0000003273600000,0x0000003273700000] [id=7212]
  0x0000021c015906e0 ConcurrentGCThread "G1 Conc#0" [stack: 0x0000003273700000,0x0000003273800000] [id=23032]
  0x0000021c229bc150 ConcurrentGCThread "G1 Conc#1" [stack: 0x0000003275800000,0x0000003275900000] [id=22044]
  0x0000021c015ddbb0 ConcurrentGCThread "G1 Refine#0" [stack: 0x0000003273800000,0x0000003273900000] [id=17048]
  0x0000021c015de5d0 ConcurrentGCThread "G1 Service" [stack: 0x0000003273900000,0x0000003273a00000] [id=9968]

Threads with active compile tasks:
C2 CompilerThread0    59919 8415       4       org.objectweb.asm.ClassReader::readCode (5109 bytes)
C2 CompilerThread1    59919 8762       4       org.objectweb.asm.ClassReader::readElementValue (1237 bytes)
C2 CompilerThread2    59919 8766       4       org.objectweb.asm.ClassReader::readMethod (1066 bytes)

VM state: at safepoint (normal execution)

VM Mutex/Monitor currently owned by a thread:  ([mutex/lock_event])
[0x0000021c0151e4e0] Threads_lock - owner thread: 0x0000021c1d4a2a30
[0x0000021c0151dd00] Heap_lock - owner thread: 0x0000021c0158f530

Heap address: 0x0000000080000000, size: 2048 MB, Compressed Oops mode: 32-bit

CDS archive(s) not mapped
Compressed class space mapped at: 0x0000000100000000-0x0000000140000000, reserved size: 1073741824
Narrow klass base: 0x0000000000000000, Narrow klass shift: 3, Narrow klass range: 0x140000000

GC Precious Log:
 CPUs: 8 total, 8 available
 Memory: 15308M
 Large Page Support: Disabled
 NUMA Support: Disabled
 Compressed Oops: Enabled (32-bit)
 Heap Region Size: 1M
 Heap Min Capacity: 8M
 Heap Initial Capacity: 240M
 Heap Max Capacity: 2G
 Pre-touch: Disabled
 Parallel Workers: 8
 Concurrent Workers: 2
 Concurrent Refinement Workers: 8
 Periodic GC: Disabled

Heap:
 garbage-first heap   total 152576K, used 96329K [0x0000000080000000, 0x0000000100000000)
  region size 1024K, 19 young (19456K), 2 survivors (2048K)
 Metaspace       used 71829K, committed 72512K, reserved 1114112K
  class space    used 9916K, committed 10240K, reserved 1048576K

Heap Regions: E=young(eden), S=young(survivor), O=old, HS=humongous(starts), HC=humongous(continues), CS=collection set, F=free, OA=open archive, CA=closed archive, TAMS=top-at-mark-start (previous, next)
|   0|0x0000000080000000, 0x0000000080100000, 0x0000000080100000|100%|HS|  |TAMS 0x0000000080100000, 0x0000000080000000| Complete 
|   1|0x0000000080100000, 0x0000000080200000, 0x0000000080200000|100%|HC|  |TAMS 0x0000000080200000, 0x0000000080100000| Complete 
|   2|0x0000000080200000, 0x0000000080300000, 0x0000000080300000|100%|HC|  |TAMS 0x0000000080300000, 0x0000000080200000| Complete 
|   3|0x0000000080300000, 0x0000000080400000, 0x0000000080400000|100%|HC|  |TAMS 0x0000000080400000, 0x0000000080300000| Complete 
|   4|0x0000000080400000, 0x0000000080500000, 0x0000000080500000|100%| O|  |TAMS 0x0000000080500000, 0x0000000080400000| Untracked 
|   5|0x0000000080500000, 0x0000000080600000, 0x0000000080600000|100%| O|  |TAMS 0x0000000080600000, 0x0000000080500000| Untracked 
|   6|0x0000000080600000, 0x0000000080700000, 0x0000000080700000|100%| O|  |TAMS 0x0000000080700000, 0x0000000080600000| Untracked 
|   7|0x0000000080700000, 0x0000000080800000, 0x0000000080800000|100%| O|  |TAMS 0x0000000080800000, 0x0000000080700000| Updating 
|   8|0x0000000080800000, 0x0000000080900000, 0x0000000080900000|100%| O|  |TAMS 0x0000000080900000, 0x0000000080800000| Untracked 
|   9|0x0000000080900000, 0x0000000080a00000, 0x0000000080a00000|100%| O|  |TAMS 0x0000000080a00000, 0x0000000080900000| Updating 
|  10|0x0000000080a00000, 0x0000000080b00000, 0x0000000080b00000|100%| O|  |TAMS 0x0000000080b00000, 0x0000000080a00000| Untracked 
|  11|0x0000000080b00000, 0x0000000080c00000, 0x0000000080c00000|100%| O|  |TAMS 0x0000000080c00000, 0x0000000080b00000| Untracked 
|  12|0x0000000080c00000, 0x0000000080d00000, 0x0000000080d00000|100%| O|  |TAMS 0x0000000080d00000, 0x0000000080c00000| Untracked 
|  13|0x0000000080d00000, 0x0000000080e00000, 0x0000000080e00000|100%| O|  |TAMS 0x0000000080e00000, 0x0000000080d00000| Untracked 
|  14|0x0000000080e00000, 0x0000000080f00000, 0x0000000080f00000|100%| O|  |TAMS 0x0000000080f00000, 0x0000000080e00000| Updating 
|  15|0x0000000080f00000, 0x0000000081000000, 0x0000000081000000|100%| O|  |TAMS 0x0000000081000000, 0x0000000080f00000| Untracked 
|  16|0x0000000081000000, 0x0000000081100000, 0x0000000081100000|100%| O|  |TAMS 0x0000000081100000, 0x0000000081000000| Untracked 
|  17|0x0000000081100000, 0x0000000081200000, 0x0000000081200000|100%| O|  |TAMS 0x0000000081200000, 0x0000000081100000| Untracked 
|  18|0x0000000081200000, 0x0000000081300000, 0x0000000081300000|100%| O|  |TAMS 0x0000000081300000, 0x0000000081200000| Untracked 
|  19|0x0000000081300000, 0x0000000081400000, 0x0000000081400000|100%|HS|  |TAMS 0x0000000081400000, 0x0000000081300000| Complete 
|  20|0x0000000081400000, 0x0000000081500000, 0x0000000081500000|100%|HC|  |TAMS 0x0000000081500000, 0x0000000081400000| Complete 
|  21|0x0000000081500000, 0x0000000081600000, 0x0000000081600000|100%|HS|  |TAMS 0x0000000081600000, 0x0000000081500000| Complete 
|  22|0x0000000081600000, 0x0000000081700000, 0x0000000081700000|100%|HC|  |TAMS 0x0000000081700000, 0x0000000081600000| Complete 
|  23|0x0000000081700000, 0x0000000081800000, 0x0000000081800000|100%|HC|  |TAMS 0x0000000081800000, 0x0000000081700000| Complete 
|  24|0x0000000081800000, 0x0000000081900000, 0x0000000081900000|100%|HS|  |TAMS 0x0000000081900000, 0x0000000081800000| Complete 
|  25|0x0000000081900000, 0x0000000081a00000, 0x0000000081a00000|100%|HC|  |TAMS 0x0000000081a00000, 0x0000000081900000| Complete 
|  26|0x0000000081a00000, 0x0000000081b00000, 0x0000000081b00000|100%| O|  |TAMS 0x0000000081b00000, 0x0000000081a00000| Untracked 
|  27|0x0000000081b00000, 0x0000000081c00000, 0x0000000081c00000|100%| O|  |TAMS 0x0000000081c00000, 0x0000000081b00000| Untracked 
|  28|0x0000000081c00000, 0x0000000081d00000, 0x0000000081d00000|100%| O|  |TAMS 0x0000000081d00000, 0x0000000081c00000| Untracked 
|  29|0x0000000081d00000, 0x0000000081e00000, 0x0000000081e00000|100%| O|  |TAMS 0x0000000081e00000, 0x0000000081d00000| Updating 
|  30|0x0000000081e00000, 0x0000000081f00000, 0x0000000081f00000|100%|HS|  |TAMS 0x0000000081f00000, 0x0000000081e00000| Complete 
|  31|0x0000000081f00000, 0x0000000082000000, 0x0000000082000000|100%|HC|  |TAMS 0x0000000082000000, 0x0000000081f00000| Complete 
|  32|0x0000000082000000, 0x0000000082100000, 0x0000000082100000|100%|HC|  |TAMS 0x0000000082100000, 0x0000000082000000| Complete 
|  33|0x0000000082100000, 0x0000000082200000, 0x0000000082200000|100%|HC|  |TAMS 0x0000000082200000, 0x0000000082100000| Complete 
|  34|0x0000000082200000, 0x0000000082300000, 0x0000000082300000|100%|HC|  |TAMS 0x0000000082300000, 0x0000000082200000| Complete 
|  35|0x0000000082300000, 0x0000000082400000, 0x0000000082400000|100%|HC|  |TAMS 0x0000000082400000, 0x0000000082300000| Complete 
|  36|0x0000000082400000, 0x0000000082500000, 0x0000000082500000|100%|HC|  |TAMS 0x0000000082500000, 0x0000000082400000| Complete 
|  37|0x0000000082500000, 0x0000000082600000, 0x0000000082600000|100%|HC|  |TAMS 0x0000000082600000, 0x0000000082500000| Complete 
|  38|0x0000000082600000, 0x0000000082700000, 0x0000000082700000|100%|HC|  |TAMS 0x0000000082700000, 0x0000000082600000| Complete 
|  39|0x0000000082700000, 0x0000000082800000, 0x0000000082800000|100%|HC|  |TAMS 0x0000000082800000, 0x0000000082700000| Complete 
|  40|0x0000000082800000, 0x0000000082900000, 0x0000000082900000|100%|HC|  |TAMS 0x0000000082900000, 0x0000000082800000| Complete 
|  41|0x0000000082900000, 0x0000000082a00000, 0x0000000082a00000|100%|HC|  |TAMS 0x0000000082a00000, 0x0000000082900000| Complete 
|  42|0x0000000082a00000, 0x0000000082b00000, 0x0000000082b00000|100%| O|  |TAMS 0x0000000082b00000, 0x0000000082a00000| Updating 
|  43|0x0000000082b00000, 0x0000000082c00000, 0x0000000082c00000|100%| O|  |TAMS 0x0000000082c00000, 0x0000000082b00000| Updating 
|  44|0x0000000082c00000, 0x0000000082d00000, 0x0000000082d00000|100%|HS|  |TAMS 0x0000000082d00000, 0x0000000082c00000| Complete 
|  45|0x0000000082d00000, 0x0000000082e00000, 0x0000000082e00000|100%|HC|  |TAMS 0x0000000082e00000, 0x0000000082d00000| Complete 
|  46|0x0000000082e00000, 0x0000000082f00000, 0x0000000082f00000|100%| O|  |TAMS 0x0000000082f00000, 0x0000000082e00000| Updating 
|  47|0x0000000082f00000, 0x0000000083000000, 0x0000000083000000|100%| O|  |TAMS 0x0000000083000000, 0x0000000082f00000| Untracked 
|  48|0x0000000083000000, 0x0000000083100000, 0x0000000083100000|100%| O|  |TAMS 0x0000000083100000, 0x0000000083000000| Untracked 
|  49|0x0000000083100000, 0x0000000083200000, 0x0000000083200000|100%| O|  |TAMS 0x0000000083200000, 0x0000000083100000| Untracked 
|  50|0x0000000083200000, 0x0000000083300000, 0x0000000083300000|100%| O|  |TAMS 0x0000000083300000, 0x0000000083200000| Untracked 
|  51|0x0000000083300000, 0x0000000083400000, 0x0000000083400000|100%| O|  |TAMS 0x0000000083400000, 0x0000000083300000| Untracked 
|  52|0x0000000083400000, 0x0000000083500000, 0x0000000083500000|100%| O|  |TAMS 0x0000000083500000, 0x0000000083400000| Untracked 
|  53|0x0000000083500000, 0x0000000083600000, 0x0000000083600000|100%| O|  |TAMS 0x0000000083600000, 0x0000000083500000| Untracked 
|  54|0x0000000083600000, 0x0000000083700000, 0x0000000083700000|100%| O|  |TAMS 0x0000000083700000, 0x0000000083600000| Untracked 
|  55|0x0000000083700000, 0x0000000083800000, 0x0000000083800000|100%|HS|  |TAMS 0x0000000083800000, 0x0000000083700000| Complete 
|  56|0x0000000083800000, 0x0000000083900000, 0x0000000083900000|100%|HC|  |TAMS 0x0000000083900000, 0x0000000083800000| Complete 
|  57|0x0000000083900000, 0x0000000083a00000, 0x0000000083a00000|100%|HC|  |TAMS 0x0000000083a00000, 0x0000000083900000| Complete 
|  58|0x0000000083a00000, 0x0000000083b00000, 0x0000000083b00000|100%| O|  |TAMS 0x0000000083b00000, 0x0000000083a00000| Untracked 
|  59|0x0000000083b00000, 0x0000000083c00000, 0x0000000083c00000|100%| O|  |TAMS 0x0000000083c00000, 0x0000000083b00000| Untracked 
|  60|0x0000000083c00000, 0x0000000083d00000, 0x0000000083d00000|100%| O|  |TAMS 0x0000000083d00000, 0x0000000083c00000| Untracked 
|  61|0x0000000083d00000, 0x0000000083e00000, 0x0000000083e00000|100%| O|  |TAMS 0x0000000083e00000, 0x0000000083d00000| Untracked 
|  62|0x0000000083e00000, 0x0000000083f00000, 0x0000000083f00000|100%| O|  |TAMS 0x0000000083f00000, 0x0000000083e00000| Untracked 
|  63|0x0000000083f00000, 0x0000000084000000, 0x0000000084000000|100%| O|  |TAMS 0x0000000084000000, 0x0000000083f00000| Updating 
|  64|0x0000000084000000, 0x0000000084100000, 0x0000000084100000|100%| O|  |TAMS 0x0000000084100000, 0x0000000084000000| Untracked 
|  65|0x0000000084100000, 0x0000000084200000, 0x0000000084200000|100%| O|  |TAMS 0x0000000084200000, 0x0000000084100000| Untracked 
|  66|0x0000000084200000, 0x0000000084300000, 0x0000000084300000|100%| O|  |TAMS 0x0000000084300000, 0x0000000084200000| Untracked 
|  67|0x0000000084300000, 0x0000000084400000, 0x0000000084400000|100%| O|  |TAMS 0x0000000084400000, 0x0000000084300000| Untracked 
|  68|0x0000000084400000, 0x0000000084500000, 0x0000000084500000|100%| O|  |TAMS 0x0000000084500000, 0x0000000084400000| Untracked 
|  69|0x0000000084500000, 0x0000000084600000, 0x0000000084600000|100%| O|  |TAMS 0x0000000084600000, 0x0000000084500000| Untracked 
|  70|0x0000000084600000, 0x0000000084700000, 0x0000000084700000|100%| O|  |TAMS 0x0000000084700000, 0x0000000084600000| Untracked 
|  71|0x0000000084700000, 0x0000000084800000, 0x0000000084800000|100%| O|  |TAMS 0x0000000084800000, 0x0000000084700000| Untracked 
|  72|0x0000000084800000, 0x0000000084900000, 0x0000000084900000|100%| O|  |TAMS 0x0000000084900000, 0x0000000084800000| Untracked 
|  73|0x0000000084900000, 0x0000000084a00000, 0x0000000084a00000|100%|HS|  |TAMS 0x0000000084a00000, 0x0000000084900000| Complete 
|  74|0x0000000084a00000, 0x0000000084b00000, 0x0000000084b00000|100%|HC|  |TAMS 0x0000000084b00000, 0x0000000084a00000| Complete 
|  75|0x0000000084b00000, 0x0000000084c00000, 0x0000000084c00000|100%| O|  |TAMS 0x0000000084c00000, 0x0000000084b00000| Untracked 
|  76|0x0000000084c00000, 0x0000000084c18c00, 0x0000000084d00000|  9%| O|  |TAMS 0x0000000084c18c00, 0x0000000084c00000| Updating 
|  77|0x0000000084d00000, 0x0000000084d00000, 0x0000000084e00000|  0%| F|  |TAMS 0x0000000084d00000, 0x0000000084d00000| Untracked 
|  78|0x0000000084e00000, 0x0000000084e00000, 0x0000000084f00000|  0%| F|  |TAMS 0x0000000084e00000, 0x0000000084e00000| Untracked 
|  79|0x0000000084f00000, 0x0000000084f00000, 0x0000000085000000|  0%| F|  |TAMS 0x0000000084f00000, 0x0000000084f00000| Untracked 
|  80|0x0000000085000000, 0x0000000085000000, 0x0000000085100000|  0%| F|  |TAMS 0x0000000085000000, 0x0000000085000000| Untracked 
|  81|0x0000000085100000, 0x0000000085100000, 0x0000000085200000|  0%| F|  |TAMS 0x0000000085100000, 0x0000000085100000| Untracked 
|  82|0x0000000085200000, 0x0000000085200000, 0x0000000085300000|  0%| F|  |TAMS 0x0000000085200000, 0x0000000085200000| Untracked 
|  83|0x0000000085300000, 0x0000000085300000, 0x0000000085400000|  0%| F|  |TAMS 0x0000000085300000, 0x0000000085300000| Untracked 
|  84|0x0000000085400000, 0x0000000085400000, 0x0000000085500000|  0%| F|  |TAMS 0x0000000085400000, 0x0000000085400000| Untracked 
|  85|0x0000000085500000, 0x0000000085500000, 0x0000000085600000|  0%| F|  |TAMS 0x0000000085500000, 0x0000000085500000| Untracked 
|  86|0x0000000085600000, 0x0000000085600000, 0x0000000085700000|  0%| F|  |TAMS 0x0000000085600000, 0x0000000085600000| Untracked 
|  87|0x0000000085700000, 0x0000000085700000, 0x0000000085800000|  0%| F|  |TAMS 0x0000000085700000, 0x0000000085700000| Untracked 
|  88|0x0000000085800000, 0x0000000085800000, 0x0000000085900000|  0%| F|  |TAMS 0x0000000085800000, 0x0000000085800000| Untracked 
|  89|0x0000000085900000, 0x0000000085900000, 0x0000000085a00000|  0%| F|  |TAMS 0x0000000085900000, 0x0000000085900000| Untracked 
|  90|0x0000000085a00000, 0x0000000085a00000, 0x0000000085b00000|  0%| F|  |TAMS 0x0000000085a00000, 0x0000000085a00000| Untracked 
|  91|0x0000000085b00000, 0x0000000085b00000, 0x0000000085c00000|  0%| F|  |TAMS 0x0000000085b00000, 0x0000000085b00000| Untracked 
|  92|0x0000000085c00000, 0x0000000085c00000, 0x0000000085d00000|  0%| F|  |TAMS 0x0000000085c00000, 0x0000000085c00000| Untracked 
|  93|0x0000000085d00000, 0x0000000085d00000, 0x0000000085e00000|  0%| F|  |TAMS 0x0000000085d00000, 0x0000000085d00000| Untracked 
|  94|0x0000000085e00000, 0x0000000085e00000, 0x0000000085f00000|  0%| F|  |TAMS 0x0000000085e00000, 0x0000000085e00000| Untracked 
|  95|0x0000000085f00000, 0x0000000085f00000, 0x0000000086000000|  0%| F|  |TAMS 0x0000000085f00000, 0x0000000085f00000| Untracked 
|  96|0x0000000086000000, 0x0000000086000000, 0x0000000086100000|  0%| F|  |TAMS 0x0000000086000000, 0x0000000086000000| Untracked 
|  97|0x0000000086100000, 0x0000000086100000, 0x0000000086200000|  0%| F|  |TAMS 0x0000000086100000, 0x0000000086100000| Untracked 
|  98|0x0000000086200000, 0x0000000086200000, 0x0000000086300000|  0%| F|  |TAMS 0x0000000086200000, 0x0000000086200000| Untracked 
|  99|0x0000000086300000, 0x0000000086300000, 0x0000000086400000|  0%| F|  |TAMS 0x0000000086300000, 0x0000000086300000| Untracked 
| 100|0x0000000086400000, 0x0000000086400000, 0x0000000086500000|  0%| F|  |TAMS 0x0000000086400000, 0x0000000086400000| Untracked 
| 101|0x0000000086500000, 0x0000000086500000, 0x0000000086600000|  0%| F|  |TAMS 0x0000000086500000, 0x0000000086500000| Untracked 
| 102|0x0000000086600000, 0x00000000866f98a8, 0x0000000086700000| 97%| S|CS|TAMS 0x0000000086600000, 0x0000000086600000| Complete 
| 103|0x0000000086700000, 0x0000000086800000, 0x0000000086800000|100%| S|CS|TAMS 0x0000000086700000, 0x0000000086700000| Complete 
| 104|0x0000000086800000, 0x0000000086800000, 0x0000000086900000|  0%| F|  |TAMS 0x0000000086800000, 0x0000000086800000| Untracked 
| 105|0x0000000086900000, 0x0000000086900000, 0x0000000086a00000|  0%| F|  |TAMS 0x0000000086900000, 0x0000000086900000| Untracked 
| 106|0x0000000086a00000, 0x0000000086a00000, 0x0000000086b00000|  0%| F|  |TAMS 0x0000000086a00000, 0x0000000086a00000| Untracked 
| 107|0x0000000086b00000, 0x0000000086b00000, 0x0000000086c00000|  0%| F|  |TAMS 0x0000000086b00000, 0x0000000086b00000| Untracked 
| 108|0x0000000086c00000, 0x0000000086c00000, 0x0000000086d00000|  0%| F|  |TAMS 0x0000000086c00000, 0x0000000086c00000| Untracked 
| 109|0x0000000086d00000, 0x0000000086d00000, 0x0000000086e00000|  0%| F|  |TAMS 0x0000000086d00000, 0x0000000086d00000| Untracked 
| 110|0x0000000086e00000, 0x0000000086e00000, 0x0000000086f00000|  0%| F|  |TAMS 0x0000000086e00000, 0x0000000086e00000| Untracked 
| 111|0x0000000086f00000, 0x0000000086f00000, 0x0000000087000000|  0%| F|  |TAMS 0x0000000086f00000, 0x0000000086f00000| Untracked 
| 112|0x0000000087000000, 0x0000000087000000, 0x0000000087100000|  0%| F|  |TAMS 0x0000000087000000, 0x0000000087000000| Untracked 
| 113|0x0000000087100000, 0x0000000087100000, 0x0000000087200000|  0%| F|  |TAMS 0x0000000087100000, 0x0000000087100000| Untracked 
| 114|0x0000000087200000, 0x0000000087200000, 0x0000000087300000|  0%| F|  |TAMS 0x0000000087200000, 0x0000000087200000| Untracked 
| 115|0x0000000087300000, 0x0000000087300000, 0x0000000087400000|  0%| F|  |TAMS 0x0000000087300000, 0x0000000087300000| Untracked 
| 116|0x0000000087400000, 0x0000000087400000, 0x0000000087500000|  0%| F|  |TAMS 0x0000000087400000, 0x0000000087400000| Untracked 
| 117|0x0000000087500000, 0x0000000087500000, 0x0000000087600000|  0%| F|  |TAMS 0x0000000087500000, 0x0000000087500000| Untracked 
| 118|0x0000000087600000, 0x0000000087600000, 0x0000000087700000|  0%| F|  |TAMS 0x0000000087600000, 0x0000000087600000| Untracked 
| 119|0x0000000087700000, 0x0000000087700000, 0x0000000087800000|  0%| F|  |TAMS 0x0000000087700000, 0x0000000087700000| Untracked 
| 120|0x0000000087800000, 0x0000000087800000, 0x0000000087900000|  0%| F|  |TAMS 0x0000000087800000, 0x0000000087800000| Untracked 
| 121|0x0000000087900000, 0x0000000087900000, 0x0000000087a00000|  0%| F|  |TAMS 0x0000000087900000, 0x0000000087900000| Untracked 
| 122|0x0000000087a00000, 0x0000000087a00000, 0x0000000087b00000|  0%| F|  |TAMS 0x0000000087a00000, 0x0000000087a00000| Untracked 
| 123|0x0000000087b00000, 0x0000000087b00000, 0x0000000087c00000|  0%| F|  |TAMS 0x0000000087b00000, 0x0000000087b00000| Untracked 
| 124|0x0000000087c00000, 0x0000000087c00000, 0x0000000087d00000|  0%| F|  |TAMS 0x0000000087c00000, 0x0000000087c00000| Untracked 
| 125|0x0000000087d00000, 0x0000000087d00000, 0x0000000087e00000|  0%| F|  |TAMS 0x0000000087d00000, 0x0000000087d00000| Untracked 
| 126|0x0000000087e00000, 0x0000000087e00000, 0x0000000087f00000|  0%| F|  |TAMS 0x0000000087e00000, 0x0000000087e00000| Untracked 
| 127|0x0000000087f00000, 0x0000000087f00000, 0x0000000088000000|  0%| F|  |TAMS 0x0000000087f00000, 0x0000000087f00000| Untracked 
| 128|0x0000000088000000, 0x0000000088000000, 0x0000000088100000|  0%| F|  |TAMS 0x0000000088000000, 0x0000000088000000| Untracked 
| 129|0x0000000088100000, 0x0000000088100000, 0x0000000088200000|  0%| F|  |TAMS 0x0000000088100000, 0x0000000088100000| Untracked 
| 130|0x0000000088200000, 0x0000000088200000, 0x0000000088300000|  0%| F|  |TAMS 0x0000000088200000, 0x0000000088200000| Untracked 
| 131|0x0000000088300000, 0x0000000088300000, 0x0000000088400000|  0%| F|  |TAMS 0x0000000088300000, 0x0000000088300000| Untracked 
| 132|0x0000000088400000, 0x00000000884286d0, 0x0000000088500000| 15%| E|  |TAMS 0x0000000088400000, 0x0000000088400000| Complete 
| 133|0x0000000088500000, 0x0000000088600000, 0x0000000088600000|100%| E|CS|TAMS 0x0000000088500000, 0x0000000088500000| Complete 
| 134|0x0000000088600000, 0x0000000088700000, 0x0000000088700000|100%| E|CS|TAMS 0x0000000088600000, 0x0000000088600000| Complete 
| 135|0x0000000088700000, 0x0000000088800000, 0x0000000088800000|100%| E|CS|TAMS 0x0000000088700000, 0x0000000088700000| Complete 
| 136|0x0000000088800000, 0x0000000088900000, 0x0000000088900000|100%| E|CS|TAMS 0x0000000088800000, 0x0000000088800000| Complete 
| 137|0x0000000088900000, 0x0000000088a00000, 0x0000000088a00000|100%| E|CS|TAMS 0x0000000088900000, 0x0000000088900000| Complete 
| 138|0x0000000088a00000, 0x0000000088b00000, 0x0000000088b00000|100%| E|CS|TAMS 0x0000000088a00000, 0x0000000088a00000| Complete 
| 139|0x0000000088b00000, 0x0000000088c00000, 0x0000000088c00000|100%| E|CS|TAMS 0x0000000088b00000, 0x0000000088b00000| Complete 
| 186|0x000000008ba00000, 0x000000008bb00000, 0x000000008bb00000|100%| E|CS|TAMS 0x000000008ba00000, 0x000000008ba00000| Complete 
| 187|0x000000008bb00000, 0x000000008bc00000, 0x000000008bc00000|100%| E|CS|TAMS 0x000000008bb00000, 0x000000008bb00000| Complete 
| 188|0x000000008bc00000, 0x000000008bd00000, 0x000000008bd00000|100%| E|CS|TAMS 0x000000008bc00000, 0x000000008bc00000| Complete 
| 189|0x000000008bd00000, 0x000000008be00000, 0x000000008be00000|100%| E|CS|TAMS 0x000000008bd00000, 0x000000008bd00000| Complete 
| 190|0x000000008be00000, 0x000000008bf00000, 0x000000008bf00000|100%| E|CS|TAMS 0x000000008be00000, 0x000000008be00000| Complete 
| 191|0x000000008bf00000, 0x000000008c000000, 0x000000008c000000|100%| E|CS|TAMS 0x000000008bf00000, 0x000000008bf00000| Complete 
| 192|0x000000008c000000, 0x000000008c100000, 0x000000008c100000|100%| E|CS|TAMS 0x000000008c000000, 0x000000008c000000| Complete 
| 193|0x000000008c100000, 0x000000008c200000, 0x000000008c200000|100%| E|CS|TAMS 0x000000008c100000, 0x000000008c100000| Complete 
| 239|0x000000008ef00000, 0x000000008f000000, 0x000000008f000000|100%| E|CS|TAMS 0x000000008ef00000, 0x000000008ef00000| Complete 

Card table byte_map: [0x0000021c16030000,0x0000021c16430000] _byte_map_base: 0x0000021c15c30000

Marking Bits (Prev, Next): (CMBitMap*) 0x0000021c0157ec00, (CMBitMap*) 0x0000021c0157ec40
 Prev Bits: [0x0000021c16830000, 0x0000021c18830000)
 Next Bits: [0x0000021c18830000, 0x0000021c1a830000)

Polling page: 0x0000021c015e0000

Metaspace:

Usage:
  Non-class:     60.46 MB used.
      Class:      9.68 MB used.
       Both:     70.15 MB used.

Virtual space:
  Non-class space:       64.00 MB reserved,      60.81 MB ( 95%) committed,  1 nodes.
      Class space:        1.00 GB reserved,      10.00 MB ( <1%) committed,  1 nodes.
             Both:        1.06 GB reserved,      70.81 MB (  7%) committed. 

Chunk freelists:
   Non-Class:  2.30 MB
       Class:  6.05 MB
        Both:  8.34 MB

MaxMetaspaceSize: unlimited
CompressedClassSpaceSize: 1.00 GB
Initial GC threshold: 21.00 MB
Current GC threshold: 117.44 MB
CDS: off
MetaspaceReclaimPolicy: balanced
 - commit_granule_bytes: 65536.
 - commit_granule_words: 8192.
 - virtual_space_node_default_size: 8388608.
 - enlarge_chunks_in_place: 1.
 - new_chunks_are_fully_committed: 0.
 - uncommit_free_chunks: 1.
 - use_allocation_guard: 0.
 - handle_deallocations: 1.


Internal statistics:

num_allocs_failed_limit: 3.
num_arena_births: 848.
num_arena_deaths: 0.
num_vsnodes_births: 2.
num_vsnodes_deaths: 0.
num_space_committed: 1133.
num_space_uncommitted: 0.
num_chunks_returned_to_freelist: 3.
num_chunks_taken_from_freelist: 3174.
num_chunk_merges: 3.
num_chunk_splits: 2072.
num_chunks_enlarged: 1371.
num_inconsistent_stats: 0.

CodeHeap 'non-profiled nmethods': size=120000Kb used=4723Kb max_used=4723Kb free=115276Kb
 bounds [0x0000021c0dc90000, 0x0000021c0e130000, 0x0000021c151c0000]
CodeHeap 'profiled nmethods': size=120000Kb used=15801Kb max_used=15801Kb free=104198Kb
 bounds [0x0000021c061c0000, 0x0000021c07130000, 0x0000021c0d6f0000]
CodeHeap 'non-nmethods': size=5760Kb used=2386Kb max_used=2451Kb free=3373Kb
 bounds [0x0000021c0d6f0000, 0x0000021c0d960000, 0x0000021c0dc90000]
 total_blobs=8882 nmethods=7968 adapters=826
 compilation: enabled
              stopped_count=0, restarted_count=0
 full_count=0

Compilation events (20 events):
Event: 59.761 Thread 0x0000021c1d4f2e20 8772       2       org.objectweb.asm.Handler::<init> (32 bytes)
Event: 59.763 Thread 0x0000021c1d4f2e20 nmethod 8772 0x0000021c07127310 code [0x0000021c071274a0, 0x0000021c07127718]
Event: 59.764 Thread 0x0000021c1d4f2e20 8755       2       org.objectweb.asm.tree.LineNumberNode::<init> (16 bytes)
Event: 59.765 Thread 0x0000021c1d4f2e20 nmethod 8755 0x0000021c07127790 code [0x0000021c07127920, 0x0000021c07127a78]
Event: 59.770 Thread 0x0000021c271662d0 nmethod 8599 0x0000021c0e12a310 code [0x0000021c0e12a540, 0x0000021c0e12bd30]
Event: 59.770 Thread 0x0000021c271662d0 8762       4       org.objectweb.asm.ClassReader::readElementValue (1237 bytes)
Event: 59.782 Thread 0x0000021c1d4f2e20 8775       2       org.objectweb.asm.Type::getObjectType (31 bytes)
Event: 59.783 Thread 0x0000021c1d4f2e20 nmethod 8775 0x0000021c07127b10 code [0x0000021c07127cc0, 0x0000021c07128018]
Event: 59.788 Thread 0x0000021c1d4f2e20 8776       2       org.apache.commons.compress.archivers.zip.ZipArchiveOutputStream::createCentralFileHeader (140 bytes)
Event: 59.790 Thread 0x0000021c1d4f2e20 nmethod 8776 0x0000021c07128290 code [0x0000021c071284a0, 0x0000021c07128968]
Event: 59.790 Thread 0x0000021c1d4f2e20 8777       2       org.apache.commons.compress.archivers.zip.ZipArchiveOutputStream::handleZip64Extra (203 bytes)
Event: 59.793 Thread 0x0000021c1d4f2e20 nmethod 8777 0x0000021c07128c90 code [0x0000021c07128ee0, 0x0000021c071298c8]
Event: 59.793 Thread 0x0000021c1d4f2e20 8779       2       org.apache.commons.compress.archivers.zip.ZipArchiveEntry::getCentralDirectoryExtra (8 bytes)
Event: 59.794 Thread 0x0000021c1d4f2e20 nmethod 8779 0x0000021c07129c90 code [0x0000021c07129e40, 0x0000021c0712a138]
Event: 59.794 Thread 0x0000021c1d4f2e20 8780       2       org.apache.commons.compress.archivers.zip.ExtraFieldUtils::mergeCentralDirectoryData (232 bytes)
Event: 59.796 Thread 0x0000021c1d4f2e20 nmethod 8780 0x0000021c0712a290 code [0x0000021c0712a4e0, 0x0000021c0712ac88]
Event: 59.796 Thread 0x0000021c1d4f2e20 8778       2       org.apache.commons.compress.archivers.zip.ZipArchiveOutputStream::createCentralFileHeader (651 bytes)
Event: 59.804 Thread 0x0000021c1d4f2e20 nmethod 8778 0x0000021c0712b090 code [0x0000021c0712b520, 0x0000021c0712cdc8]
Event: 59.804 Thread 0x0000021c1d4f2e20 8781       2       org.objectweb.asm.MethodWriter::visitTableSwitchInsn (120 bytes)
Event: 59.805 Thread 0x0000021c1d4f2e20 nmethod 8781 0x0000021c0712dd10 code [0x0000021c0712df00, 0x0000021c0712e268]

GC Heap History (20 events):
Event: 16.669 GC heap before
{Heap before GC invocations=28 (full 0):
 garbage-first heap   total 116736K, used 90803K [0x0000000080000000, 0x0000000100000000)
  region size 1024K, 27 young (27648K), 3 survivors (3072K)
 Metaspace       used 55236K, committed 55808K, reserved 1114112K
  class space    used 7499K, committed 7744K, reserved 1048576K
}
Event: 16.676 GC heap after
{Heap after GC invocations=29 (full 0):
 garbage-first heap   total 116736K, used 67811K [0x0000000080000000, 0x0000000100000000)
  region size 1024K, 3 young (3072K), 3 survivors (3072K)
 Metaspace       used 55236K, committed 55808K, reserved 1114112K
  class space    used 7499K, committed 7744K, reserved 1048576K
}
Event: 17.674 GC heap before
{Heap before GC invocations=29 (full 0):
 garbage-first heap   total 116736K, used 94435K [0x0000000080000000, 0x0000000100000000)
  region size 1024K, 29 young (29696K), 3 survivors (3072K)
 Metaspace       used 59850K, committed 60416K, reserved 1114112K
  class space    used 8579K, committed 8832K, reserved 1048576K
}
Event: 17.680 GC heap after
{Heap after GC invocations=30 (full 0):
 garbage-first heap   total 116736K, used 68835K [0x0000000080000000, 0x0000000100000000)
  region size 1024K, 3 young (3072K), 3 survivors (3072K)
 Metaspace       used 59850K, committed 60416K, reserved 1114112K
  class space    used 8579K, committed 8832K, reserved 1048576K
}
Event: 18.579 GC heap before
{Heap before GC invocations=31 (full 0):
 garbage-first heap   total 121856K, used 95459K [0x0000000080000000, 0x0000000100000000)
  region size 1024K, 29 young (29696K), 3 survivors (3072K)
 Metaspace       used 64724K, committed 65408K, reserved 1114112K
  class space    used 9205K, committed 9536K, reserved 1048576K
}
Event: 18.586 GC heap after
{Heap after GC invocations=32 (full 0):
 garbage-first heap   total 121856K, used 71353K [0x0000000080000000, 0x0000000100000000)
  region size 1024K, 4 young (4096K), 4 survivors (4096K)
 Metaspace       used 64724K, committed 65408K, reserved 1114112K
  class space    used 9205K, committed 9536K, reserved 1048576K
}
Event: 18.609 GC heap before
{Heap before GC invocations=32 (full 0):
 garbage-first heap   total 121856K, used 72377K [0x0000000080000000, 0x0000000100000000)
  region size 1024K, 5 young (5120K), 4 survivors (4096K)
 Metaspace       used 64837K, committed 65472K, reserved 1114112K
  class space    used 9223K, committed 9536K, reserved 1048576K
}
Event: 18.614 GC heap after
{Heap after GC invocations=33 (full 0):
 garbage-first heap   total 121856K, used 71703K [0x0000000080000000, 0x0000000100000000)
  region size 1024K, 1 young (1024K), 1 survivors (1024K)
 Metaspace       used 64837K, committed 65472K, reserved 1114112K
  class space    used 9223K, committed 9536K, reserved 1048576K
}
Event: 20.969 GC heap before
{Heap before GC invocations=33 (full 0):
 garbage-first heap   total 121856K, used 99351K [0x0000000080000000, 0x0000000100000000)
  region size 1024K, 29 young (29696K), 1 survivors (1024K)
 Metaspace       used 70320K, committed 71040K, reserved 1114112K
  class space    used 9856K, committed 10176K, reserved 1048576K
}
Event: 20.977 GC heap after
{Heap after GC invocations=34 (full 0):
 garbage-first heap   total 121856K, used 74272K [0x0000000080000000, 0x0000000100000000)
  region size 1024K, 4 young (4096K), 4 survivors (4096K)
 Metaspace       used 70320K, committed 71040K, reserved 1114112K
  class space    used 9856K, committed 10176K, reserved 1048576K
}
Event: 25.042 GC heap before
{Heap before GC invocations=35 (full 0):
 garbage-first heap   total 128000K, used 98848K [0x0000000080000000, 0x0000000100000000)
  region size 1024K, 29 young (29696K), 4 survivors (4096K)
 Metaspace       used 71203K, committed 71872K, reserved 1114112K
  class space    used 9882K, committed 10176K, reserved 1048576K
}
Event: 25.054 GC heap after
{Heap after GC invocations=36 (full 0):
 garbage-first heap   total 128000K, used 76172K [0x0000000080000000, 0x0000000100000000)
  region size 1024K, 3 young (3072K), 3 survivors (3072K)
 Metaspace       used 71203K, committed 71872K, reserved 1114112K
  class space    used 9882K, committed 10176K, reserved 1048576K
}
Event: 46.082 GC heap before
{Heap before GC invocations=36 (full 0):
 garbage-first heap   total 128000K, used 104844K [0x0000000080000000, 0x0000000100000000)
  region size 1024K, 31 young (31744K), 3 survivors (3072K)
 Metaspace       used 71228K, committed 71872K, reserved 1114112K
  class space    used 9882K, committed 10176K, reserved 1048576K
}
Event: 46.086 GC heap after
{Heap after GC invocations=37 (full 0):
 garbage-first heap   total 128000K, used 76071K [0x0000000080000000, 0x0000000100000000)
  region size 1024K, 3 young (3072K), 3 survivors (3072K)
 Metaspace       used 71228K, committed 71872K, reserved 1114112K
  class space    used 9882K, committed 10176K, reserved 1048576K
}
Event: 59.099 GC heap before
{Heap before GC invocations=38 (full 0):
 garbage-first heap   total 132096K, used 97575K [0x0000000080000000, 0x0000000100000000)
  region size 1024K, 26 young (26624K), 3 survivors (3072K)
 Metaspace       used 71349K, committed 72000K, reserved 1114112K
  class space    used 9886K, committed 10176K, reserved 1048576K
}
Event: 59.105 GC heap after
{Heap after GC invocations=39 (full 0):
 garbage-first heap   total 132096K, used 76842K [0x0000000080000000, 0x0000000100000000)
  region size 1024K, 3 young (3072K), 3 survivors (3072K)
 Metaspace       used 71349K, committed 72000K, reserved 1114112K
  class space    used 9886K, committed 10176K, reserved 1048576K
}
Event: 59.438 GC heap before
{Heap before GC invocations=40 (full 0):
 garbage-first heap   total 152576K, used 112682K [0x0000000080000000, 0x0000000100000000)
  region size 1024K, 37 young (37888K), 3 survivors (3072K)
 Metaspace       used 71568K, committed 72192K, reserved 1114112K
  class space    used 9896K, committed 10176K, reserved 1048576K
}
Event: 59.445 GC heap after
{Heap after GC invocations=41 (full 0):
 garbage-first heap   total 152576K, used 79705K [0x0000000080000000, 0x0000000100000000)
  region size 1024K, 2 young (2048K), 2 survivors (2048K)
 Metaspace       used 71568K, committed 72192K, reserved 1114112K
  class space    used 9896K, committed 10176K, reserved 1048576K
}
Event: 59.737 GC heap before
{Heap before GC invocations=41 (full 0):
 garbage-first heap   total 152576K, used 122713K [0x0000000080000000, 0x0000000100000000)
  region size 1024K, 45 young (46080K), 2 survivors (2048K)
 Metaspace       used 71815K, committed 72448K, reserved 1114112K
  class space    used 9916K, committed 10240K, reserved 1048576K
}
Event: 59.741 GC heap after
{Heap after GC invocations=42 (full 0):
 garbage-first heap   total 152576K, used 79945K [0x0000000080000000, 0x0000000100000000)
  region size 1024K, 2 young (2048K), 2 survivors (2048K)
 Metaspace       used 71815K, committed 72448K, reserved 1114112K
  class space    used 9916K, committed 10240K, reserved 1048576K
}

Dll operation events (3 events):
Event: 0.027 Loaded shared library C:\Program Files\Android\Android Studio\jbr\bin\java.dll
Event: 0.302 Loaded shared library C:\Program Files\Android\Android Studio\jbr\bin\zip.dll
Event: 1.399 Loaded shared library C:\Program Files\Android\Android Studio\jbr\bin\verify.dll

Deoptimization events (20 events):
Event: 59.678 Thread 0x0000021c228a7bb0 DEOPT PACKING pc=0x0000021c0e1197e8 sp=0x00000032761fcfd0
Event: 59.678 Thread 0x0000021c228a7bb0 DEOPT UNPACKING pc=0x0000021c0d7469a3 sp=0x00000032761fcfa0 mode 2
Event: 59.679 Thread 0x0000021c228a7bb0 Uncommon trap: trap_request=0xffffffc6 fr.pc=0x0000021c0e1197e8 relative=0x0000000000000868
Event: 59.679 Thread 0x0000021c228a7bb0 Uncommon trap: reason=bimorphic_or_optimized_type_check action=maybe_recompile pc=0x0000021c0e1197e8 method=org.objectweb.asm.Label.accept(Lorg/objectweb/asm/MethodVisitor;Z)V @ 25 c2
Event: 59.679 Thread 0x0000021c228a7bb0 DEOPT PACKING pc=0x0000021c0e1197e8 sp=0x00000032761fcfd0
Event: 59.679 Thread 0x0000021c228a7bb0 DEOPT UNPACKING pc=0x0000021c0d7469a3 sp=0x00000032761fcfa0 mode 2
Event: 59.680 Thread 0x0000021c228a7bb0 Uncommon trap: trap_request=0xffffffc6 fr.pc=0x0000021c0e1197e8 relative=0x0000000000000868
Event: 59.680 Thread 0x0000021c228a7bb0 Uncommon trap: reason=bimorphic_or_optimized_type_check action=maybe_recompile pc=0x0000021c0e1197e8 method=org.objectweb.asm.Label.accept(Lorg/objectweb/asm/MethodVisitor;Z)V @ 25 c2
Event: 59.680 Thread 0x0000021c228a7bb0 DEOPT PACKING pc=0x0000021c0e1197e8 sp=0x00000032761fcfd0
Event: 59.680 Thread 0x0000021c228a7bb0 DEOPT UNPACKING pc=0x0000021c0d7469a3 sp=0x00000032761fcfa0 mode 2
Event: 59.681 Thread 0x0000021c228a7bb0 Uncommon trap: trap_request=0xffffffc6 fr.pc=0x0000021c0e1197e8 relative=0x0000000000000868
Event: 59.681 Thread 0x0000021c228a7bb0 Uncommon trap: reason=bimorphic_or_optimized_type_check action=maybe_recompile pc=0x0000021c0e1197e8 method=org.objectweb.asm.Label.accept(Lorg/objectweb/asm/MethodVisitor;Z)V @ 25 c2
Event: 59.681 Thread 0x0000021c228a7bb0 DEOPT PACKING pc=0x0000021c0e1197e8 sp=0x00000032761fcfd0
Event: 59.681 Thread 0x0000021c228a7bb0 DEOPT UNPACKING pc=0x0000021c0d7469a3 sp=0x00000032761fcfa0 mode 2
Event: 59.712 Thread 0x0000021c228a7bb0 DEOPT PACKING pc=0x0000021c07074ec4 sp=0x00000032761fd450
Event: 59.712 Thread 0x0000021c228a7bb0 DEOPT UNPACKING pc=0x0000021c0d747143 sp=0x00000032761fc9f8 mode 0
Event: 59.714 Thread 0x0000021c228a7bb0 DEOPT PACKING pc=0x0000021c07075e34 sp=0x00000032761fe280
Event: 59.714 Thread 0x0000021c228a7bb0 DEOPT UNPACKING pc=0x0000021c0d747143 sp=0x00000032761fd830 mode 0
Event: 59.720 Thread 0x0000021c228a6d40 DEOPT PACKING pc=0x0000021c070a0ce4 sp=0x00000032762fe6a0
Event: 59.720 Thread 0x0000021c228a6d40 DEOPT UNPACKING pc=0x0000021c0d747143 sp=0x00000032762fdc50 mode 0

Classes unloaded (0 events):
No events

Classes redefined (0 events):
No events

Internal exceptions (20 events):
Event: 59.123 Thread 0x0000021c228a6d40 Exception <a 'sun/nio/fs/WindowsException'{0x000000008ef1c200}> (0x000000008ef1c200) 
thrown [s\src\hotspot\share\prims\jni.cpp, line 517]
Event: 59.124 Thread 0x0000021c23d48a40 Exception <a 'sun/nio/fs/WindowsException'{0x000000008efa5780}> (0x000000008efa5780) 
thrown [s\src\hotspot\share\prims\jni.cpp, line 517]
Event: 59.468 Thread 0x0000021c23d493e0 Exception <a 'sun/nio/fs/WindowsException'{0x000000008eff0b90}> (0x000000008eff0b90) 
thrown [s\src\hotspot\share\prims\jni.cpp, line 517]
Event: 59.472 Thread 0x0000021c23d493e0 Exception <a 'sun/nio/fs/WindowsException'{0x000000008eff0d70}> (0x000000008eff0d70) 
thrown [s\src\hotspot\share\prims\jni.cpp, line 517]
Event: 59.472 Thread 0x0000021c228a6d40 Exception <a 'sun/nio/fs/WindowsException'{0x000000008c1d3908}> (0x000000008c1d3908) 
thrown [s\src\hotspot\share\prims\jni.cpp, line 517]
Event: 59.475 Thread 0x0000021c228a6d40 Exception <a 'sun/nio/fs/WindowsException'{0x000000008c1d3af0}> (0x000000008c1d3af0) 
thrown [s\src\hotspot\share\prims\jni.cpp, line 517]
Event: 59.490 Thread 0x0000021c23d493e0 Exception <a 'sun/nio/fs/WindowsException'{0x000000008eff5ef0}> (0x000000008eff5ef0) 
thrown [s\src\hotspot\share\prims\jni.cpp, line 517]
Event: 59.498 Thread 0x0000021c228a6d40 Exception <a 'sun/nio/fs/WindowsException'{0x000000008c1d8b60}> (0x000000008c1d8b60) 
thrown [s\src\hotspot\share\prims\jni.cpp, line 517]
Event: 59.514 Thread 0x0000021c23d493e0 Exception <a 'sun/nio/fs/WindowsException'{0x000000008bdeb5d8}> (0x000000008bdeb5d8) 
thrown [s\src\hotspot\share\prims\jni.cpp, line 517]
Event: 59.586 Thread 0x0000021c23d493e0 Exception <a 'sun/nio/fs/WindowsException'{0x000000008bdeb7b0}> (0x000000008bdeb7b0) 
thrown [s\src\hotspot\share\prims\jni.cpp, line 517]
Event: 59.587 Thread 0x0000021c228a63a0 Exception <a 'sun/nio/fs/WindowsException'{0x000000008ba32510}> (0x000000008ba32510) 
thrown [s\src\hotspot\share\prims\jni.cpp, line 517]
Event: 59.590 Thread 0x0000021c23d48a40 Exception <a 'sun/nio/fs/WindowsException'{0x000000008c0cb4c0}> (0x000000008c0cb4c0) 
thrown [s\src\hotspot\share\prims\jni.cpp, line 517]
Event: 59.605 Thread 0x0000021c23d42060 Exception <a 'sun/nio/fs/WindowsException'{0x0000000088562bd8}> (0x0000000088562bd8) 
thrown [s\src\hotspot\share\prims\jni.cpp, line 517]
Event: 59.607 Thread 0x0000021c23d493e0 Exception <a 'sun/nio/fs/WindowsException'{0x000000008bdf07c8}> (0x000000008bdf07c8) 
thrown [s\src\hotspot\share\prims\jni.cpp, line 517]
Event: 59.648 Thread 0x0000021c228a63a0 Exception <a 'sun/nio/fs/WindowsException'{0x000000008ba326f8}> (0x000000008ba326f8) 
thrown [s\src\hotspot\share\prims\jni.cpp, line 517]
Event: 59.663 Thread 0x0000021c23d42ed0 Exception <a 'sun/nio/fs/WindowsException'{0x00000000878ef948}> (0x00000000878ef948) 
thrown [s\src\hotspot\share\prims\jni.cpp, line 517]
Event: 59.809 Thread 0x0000021c23d42060 Exception <a 'sun/nio/fs/WindowsException'{0x000000008898fa30}> (0x000000008898fa30) 
thrown [s\src\hotspot\share\prims\jni.cpp, line 517]
Event: 59.832 Thread 0x0000021c23d493e0 Exception <a 'sun/nio/fs/WindowsException'{0x0000000088a779f0}> (0x0000000088a779f0) 
thrown [s\src\hotspot\share\prims\jni.cpp, line 517]
Event: 59.833 Thread 0x0000021c228a6d40 Exception <a 'sun/nio/fs/WindowsException'{0x0000000088a52e00}> (0x0000000088a52e00) 
thrown [s\src\hotspot\share\prims\jni.cpp, line 517]
Event: 59.834 Thread 0x0000021c23d42ed0 Exception <a 'sun/nio/fs/WindowsException'{0x000000008859d340}> (0x000000008859d340) 
thrown [s\src\hotspot\share\prims\jni.cpp, line 517]

VM Operations (20 events):
Event: 52.242 Executing VM operation: Cleanup done
Event: 59.099 Executing VM operation: G1TryInitiateConcMark
Event: 59.106 Executing VM operation: G1TryInitiateConcMark done
Event: 59.228 Executing VM operation: G1Concurrent
Event: 59.257 Executing VM operation: G1Concurrent done
Event: 59.306 Executing VM operation: G1Concurrent
Event: 59.311 Executing VM operation: G1Concurrent done
Event: 59.437 Executing VM operation: G1CollectForAllocation
Event: 59.438 Executing VM operation: G1CollectForAllocation done
Event: 59.438 Executing VM operation: G1CollectForAllocation
Event: 59.445 Executing VM operation: G1CollectForAllocation done
Event: 59.647 Executing VM operation: HandshakeAllThreads
Event: 59.649 Executing VM operation: HandshakeAllThreads done
Event: 59.711 Executing VM operation: HandshakeAllThreads
Event: 59.712 Executing VM operation: HandshakeAllThreads done
Event: 59.736 Executing VM operation: G1CollectForAllocation
Event: 59.737 Executing VM operation: G1CollectForAllocation done
Event: 59.737 Executing VM operation: G1CollectForAllocation
Event: 59.746 Executing VM operation: G1CollectForAllocation done
Event: 59.840 Executing VM operation: G1Concurrent

Events (20 events):
Event: 23.105 Thread 0x0000021c2622abd0 Thread added: 0x0000021c2622abd0
Event: 23.105 Thread 0x0000021c26229890 Thread added: 0x0000021c26229890
Event: 23.106 Thread 0x0000021c2622c3e0 Thread added: 0x0000021c2622c3e0
Event: 23.106 Thread 0x0000021c26229d60 Thread added: 0x0000021c26229d60
Event: 23.158 Thread 0x0000021c271611d0 Thread added: 0x0000021c271611d0
Event: 23.483 Thread 0x0000021c271611d0 Thread exited: 0x0000021c271611d0
Event: 24.061 Thread 0x0000021c27163a50 Thread added: 0x0000021c27163a50
Event: 25.879 Thread 0x0000021c27163a50 Thread exited: 0x0000021c27163a50
Event: 26.140 Thread 0x0000021c27168130 Thread added: 0x0000021c27168130
Event: 26.601 Thread 0x0000021c27168130 Thread exited: 0x0000021c27168130
Event: 30.887 loading class jdk/internal/misc/ScopedMemoryAccess$Scope$Handle
Event: 30.888 loading class jdk/internal/misc/ScopedMemoryAccess$Scope$Handle done
Event: 46.165 loading class sun/security/ssl/Alert
Event: 46.165 loading class sun/security/ssl/Alert done
Event: 46.166 loading class sun/security/ssl/Alert$AlertConsumer
Event: 46.167 loading class sun/security/ssl/Alert$AlertConsumer done
Event: 46.167 loading class sun/security/ssl/Alert$Level
Event: 46.167 loading class sun/security/ssl/Alert$Level done
Event: 59.066 Thread 0x0000021c271662d0 Thread added: 0x0000021c271662d0
Event: 59.174 Thread 0x0000021c27168130 Thread added: 0x0000021c27168130


Dynamic libraries:
0x00007ff652390000 - 0x00007ff65239a000 	C:\Program Files\Android\Android Studio\jbr\bin\java.exe
0x00007fff1fd50000 - 0x00007fff1ff66000 	C:\WINDOWS\SYSTEM32\ntdll.dll
0x00007fff1dd40000 - 0x00007fff1de04000 	C:\WINDOWS\System32\KERNEL32.DLL
0x00007fff1d5d0000 - 0x00007fff1d976000 	C:\WINDOWS\System32\KERNELBASE.dll
0x00007fff1d980000 - 0x00007fff1da91000 	C:\WINDOWS\System32\ucrtbase.dll
0x00007fff0ace0000 - 0x00007fff0acf7000 	C:\Program Files\Android\Android Studio\jbr\bin\jli.dll
0x00007fff1f570000 - 0x00007fff1f71d000 	C:\WINDOWS\System32\USER32.dll
0x00007fff1d310000 - 0x00007fff1d336000 	C:\WINDOWS\System32\win32u.dll
0x00007fff1e1b0000 - 0x00007fff1e1d9000 	C:\WINDOWS\System32\GDI32.dll
0x00007fff1d100000 - 0x00007fff1d218000 	C:\WINDOWS\System32\gdi32full.dll
0x00007fff1d4b0000 - 0x00007fff1d54a000 	C:\WINDOWS\System32\msvcp_win.dll
0x00007fff173d0000 - 0x00007fff173eb000 	C:\Program Files\Android\Android Studio\jbr\bin\VCRUNTIME140.dll
0x00007fff06390000 - 0x00007fff06623000 	C:\WINDOWS\WinSxS\amd64_microsoft.windows.common-controls_6595b64144ccf1df_6.0.22621.3235_none_270f74e173860f98\COMCTL32.dll
0x00007fff1dc20000 - 0x00007fff1dcc7000 	C:\WINDOWS\System32\msvcrt.dll
0x00007fff1e2b0000 - 0x00007fff1e2e1000 	C:\WINDOWS\System32\IMM32.DLL
0x00007fff172e0000 - 0x00007fff172ec000 	C:\Program Files\Android\Android Studio\jbr\bin\vcruntime140_1.dll
0x00007ffed1830000 - 0x00007ffed18bd000 	C:\Program Files\Android\Android Studio\jbr\bin\msvcp140.dll
0x00007ffeace30000 - 0x00007ffeadab0000 	C:\Program Files\Android\Android Studio\jbr\bin\server\jvm.dll
0x00007fff1e3b0000 - 0x00007fff1e462000 	C:\WINDOWS\System32\ADVAPI32.dll
0x00007fff1f4a0000 - 0x00007fff1f548000 	C:\WINDOWS\System32\sechost.dll
0x00007fff1d2e0000 - 0x00007fff1d308000 	C:\WINDOWS\System32\bcrypt.dll
0x00007fff1db00000 - 0x00007fff1dc15000 	C:\WINDOWS\System32\RPCRT4.dll
0x00007ffeb33b0000 - 0x00007ffeb33b9000 	C:\WINDOWS\SYSTEM32\WSOCK32.dll
0x00007fff166b0000 - 0x00007fff166e4000 	C:\WINDOWS\SYSTEM32\WINMM.dll
0x00007fff10d90000 - 0x00007fff10d9a000 	C:\WINDOWS\SYSTEM32\VERSION.dll
0x00007fff1e230000 - 0x00007fff1e2a1000 	C:\WINDOWS\System32\WS2_32.dll
0x00007fff1c090000 - 0x00007fff1c0a8000 	C:\WINDOWS\SYSTEM32\kernel.appcore.dll
0x00007fff18840000 - 0x00007fff1884a000 	C:\Program Files\Android\Android Studio\jbr\bin\jimage.dll
0x00007fff12200000 - 0x00007fff12433000 	C:\WINDOWS\SYSTEM32\DBGHELP.DLL
0x00007fff1ed50000 - 0x00007fff1f0d8000 	C:\WINDOWS\System32\combase.dll
0x00007fff1f310000 - 0x00007fff1f3e7000 	C:\WINDOWS\System32\OLEAUT32.dll
0x00007fff0da70000 - 0x00007fff0daa2000 	C:\WINDOWS\SYSTEM32\dbgcore.DLL
0x00007fff1d550000 - 0x00007fff1d5ca000 	C:\WINDOWS\System32\bcryptPrimitives.dll
0x00007fff16840000 - 0x00007fff1684e000 	C:\Program Files\Android\Android Studio\jbr\bin\instrument.dll
0x00007fff172a0000 - 0x00007fff172c5000 	C:\Program Files\Android\Android Studio\jbr\bin\java.dll
0x00007fff18770000 - 0x00007fff18788000 	C:\Program Files\Android\Android Studio\jbr\bin\zip.dll
0x00007fff1e470000 - 0x00007fff1eccd000 	C:\WINDOWS\System32\SHELL32.dll
0x00007fff1afa0000 - 0x00007fff1b898000 	C:\WINDOWS\SYSTEM32\windows.storage.dll
0x00007fff1ae60000 - 0x00007fff1af9e000 	C:\WINDOWS\SYSTEM32\wintypes.dll
0x00007fff1dfb0000 - 0x00007fff1e0a3000 	C:\WINDOWS\System32\SHCORE.dll
0x00007fff1dcd0000 - 0x00007fff1dd2e000 	C:\WINDOWS\System32\shlwapi.dll
0x00007fff1cfc0000 - 0x00007fff1cfe6000 	C:\WINDOWS\SYSTEM32\profapi.dll
0x00007fff17430000 - 0x00007fff17449000 	C:\Program Files\Android\Android Studio\jbr\bin\net.dll
0x00007fff16510000 - 0x00007fff16647000 	C:\WINDOWS\SYSTEM32\WINHTTP.dll
0x00007fff1c500000 - 0x00007fff1c569000 	C:\WINDOWS\system32\mswsock.dll
0x00007fff16850000 - 0x00007fff16866000 	C:\Program Files\Android\Android Studio\jbr\bin\nio.dll
0x00007fff18730000 - 0x00007fff18740000 	C:\Program Files\Android\Android Studio\jbr\bin\verify.dll
0x00007fff02090000 - 0x00007fff020b7000 	C:\Users\user\.gradle\native\68d5fa5c4cc2d200863cafc0d521ce42e7d3e7ee720ec0a83991735586a16f82\windows-amd64\native-platform.dll
0x00007ffecb680000 - 0x00007ffecb7c4000 	C:\Users\user\.gradle\native\e376f236ea51e6404a007f0833ffe2c6e607c4080706a723a18a27aeea778392\windows-amd64\native-platform-file-events.dll
0x00007fff17540000 - 0x00007fff17549000 	C:\Program Files\Android\Android Studio\jbr\bin\management.dll
0x00007fff17300000 - 0x00007fff1730b000 	C:\Program Files\Android\Android Studio\jbr\bin\management_ext.dll
0x00007fff1f720000 - 0x00007fff1f728000 	C:\WINDOWS\System32\PSAPI.DLL
0x00007fff1c850000 - 0x00007fff1c86b000 	C:\WINDOWS\SYSTEM32\CRYPTSP.dll
0x00007fff1bff0000 - 0x00007fff1c025000 	C:\WINDOWS\system32\rsaenh.dll
0x00007fff1c5a0000 - 0x00007fff1c5cc000 	C:\WINDOWS\SYSTEM32\USERENV.dll
0x00007fff1c830000 - 0x00007fff1c83c000 	C:\WINDOWS\SYSTEM32\CRYPTBASE.dll
0x00007fff1bb00000 - 0x00007fff1bb2d000 	C:\WINDOWS\SYSTEM32\IPHLPAPI.DLL
0x00007fff1f140000 - 0x00007fff1f149000 	C:\WINDOWS\System32\NSI.dll
0x00007fff163b0000 - 0x00007fff163c9000 	C:\WINDOWS\SYSTEM32\dhcpcsvc6.DLL
0x00007fff162b0000 - 0x00007fff162cf000 	C:\WINDOWS\SYSTEM32\dhcpcsvc.DLL
0x00007fff1bb70000 - 0x00007fff1bc69000 	C:\WINDOWS\SYSTEM32\DNSAPI.dll
0x00007ffeba440000 - 0x00007ffeba448000 	C:\WINDOWS\system32\wshunix.dll
0x00007fff0ee30000 - 0x00007fff0ee3a000 	C:\Windows\System32\rasadhlp.dll
0x00007fff15700000 - 0x00007fff15783000 	C:\WINDOWS\System32\fwpuclnt.dll

dbghelp: loaded successfully - version: 4.0.5 - missing functions: none
symbol engine: initialized successfully - sym options: 0x614 - pdb path: .;C:\Program Files\Android\Android Studio\jbr\bin;C:\WINDOWS\SYSTEM32;C:\WINDOWS\WinSxS\amd64_microsoft.windows.common-controls_6595b64144ccf1df_6.0.22621.3235_none_270f74e173860f98;C:\Program Files\Android\Android Studio\jbr\bin\server;C:\Users\user\.gradle\native\68d5fa5c4cc2d200863cafc0d521ce42e7d3e7ee720ec0a83991735586a16f82\windows-amd64;C:\Users\user\.gradle\native\e376f236ea51e6404a007f0833ffe2c6e607c4080706a723a18a27aeea778392\windows-amd64

VM Arguments:
jvm_args: --add-opens=java.base/java.util=ALL-UNNAMED --add-opens=java.base/java.lang=ALL-UNNAMED --add-opens=java.base/java.lang.invoke=ALL-UNNAMED --add-opens=java.prefs/java.util.prefs=ALL-UNNAMED --add-opens=java.base/java.nio.charset=ALL-UNNAMED --add-opens=java.base/java.net=ALL-UNNAMED --add-opens=java.base/java.util.concurrent.atomic=ALL-UNNAMED -Xmx2048m -Dfile.encoding=UTF-8 -Duser.country=US -Duser.language=en -Duser.variant -javaagent:C:\Users\user\.gradle\wrapper\dists\gradle-8.2-bin\bbg7u40eoinfdyxsxr3z4i7ta\gradle-8.2\lib\agents\gradle-instrumentation-agent-8.2.jar 
java_command: org.gradle.launcher.daemon.bootstrap.GradleDaemon 8.2
java_class_path (initial): C:\Users\user\.gradle\wrapper\dists\gradle-8.2-bin\bbg7u40eoinfdyxsxr3z4i7ta\gradle-8.2\lib\gradle-launcher-8.2.jar
Launcher Type: SUN_STANDARD

[Global flags]
     intx CICompilerCount                          = 4                                         {product} {ergonomic}
     uint ConcGCThreads                            = 2                                         {product} {ergonomic}
     uint G1ConcRefinementThreads                  = 8                                         {product} {ergonomic}
   size_t G1HeapRegionSize                         = 1048576                                   {product} {ergonomic}
    uintx GCDrainStackTargetSize                   = 64                                        {product} {ergonomic}
   size_t InitialHeapSize                          = 251658240                                 {product} {ergonomic}
   size_t MarkStackSize                            = 4194304                                   {product} {ergonomic}
   size_t MaxHeapSize                              = 2147483648                                {product} {command line}
   size_t MaxNewSize                               = 1287651328                                {product} {ergonomic}
   size_t MinHeapDeltaBytes                        = 1048576                                   {product} {ergonomic}
   size_t MinHeapSize                              = 8388608                                   {product} {ergonomic}
    uintx NonNMethodCodeHeapSize                   = 5839372                                {pd product} {ergonomic}
    uintx NonProfiledCodeHeapSize                  = 122909434                              {pd product} {ergonomic}
    uintx ProfiledCodeHeapSize                     = 122909434                              {pd product} {ergonomic}
    uintx ReservedCodeCacheSize                    = 251658240                              {pd product} {ergonomic}
     bool SegmentedCodeCache                       = true                                      {product} {ergonomic}
   size_t SoftMaxHeapSize                          = 2147483648                             {manageable} {ergonomic}
     bool UseCompressedClassPointers               = true                           {product lp64_product} {ergonomic}
     bool UseCompressedOops                        = true                           {product lp64_product} {ergonomic}
     bool UseG1GC                                  = true                                      {product} {ergonomic}
     bool UseLargePagesIndividualAllocation        = false                                  {pd product} {ergonomic}

Logging:
Log output configuration:
 #0: stdout all=warning uptime,level,tags
 #1: stderr all=off uptime,level,tags

Environment Variables:
PATH=C:\Program Files\Microsoft MPI\Bin\;C:\Program Files\Common Files\Oracle\Java\javapath;C:\Program Files (x86)\Common Files\Oracle\Java\javapath;C:\WINDOWS\system32;C:\WINDOWS;C:\WINDOWS\System32\Wbem;C:\WINDOWS\System32\WindowsPowerShell\v1.0\;C:\WINDOWS\System32\OpenSSH\;C:\Program Files (x86)\WeFi;C:\xampp\php;C:\composer;C:\Program Files\nodejs\;C:\Program Files\dotnet\;C:\Program Files\Common Files\Autodesk Shared\Advance\;C:\Program Files (x86)\Common Files\Autodesk Shared\Advance\;C:\Program Files\Git\cmd;C:\Program Files\Cloudflare\Cloudflare WARP\;C:\Program Files (x86)\Microsoft SQL Server\160\DTS\Binn\;C:\Program Files\Azure Data Studio\bin;C:\Program Files (x86)\Microsoft SQL Server\130\Tools\Binn\;C:\Program Files\Microsoft SQL Server\130\Tools\Binn\;C:\Program Files (x86)\Microsoft SQL Server\130\DTS\Binn\;C:\Program Files\Microsoft SQL Server\130\DTS\Binn\;C:\Program Files\Microsoft SQL Server\Client SDK\ODBC\130\Tools\Binn\;C:\Program Files (x86)\Embarcadero\Studio\20.0\bin;C:\Users\Public\Documents\Embarcadero\Studio\20.0\Bpl;C:\Users\user\AppData\Local\Microsoft\WindowsApps;C:\Users\user\AppData\Local\Programs\Microsoft VS Code\bin;C:\Users\user\AppData\Roaming\Composer\vendor\bin;"C:\xampp\php;";"C:\xampp\php-5.6.40;";C:\Users\user\AppData\Roaming\npm;C:\Program Files\Azure Data Studio\bin
USERNAME=user
OS=Windows_NT
PROCESSOR_IDENTIFIER=AMD64 Family 23 Model 24 Stepping 1, AuthenticAMD
TMP=C:\Users\user\AppData\Local\Temp
TEMP=C:\Users\user\AppData\Local\Temp


JNI global refs:
JNI global refs: 30, weak refs: 23

JNI global refs memory usage: 843, weak refs: 841

OOME stack traces (most recent first):
Classloader memory used:
Loader org.gradle.internal.classloader.VisitableURLClassLoader                         : 4034K
Loader bootstrap                                                                       : 3393K
Loader org.gradle.initialization.MixInLegacyTypesClassLoader                           : 1204K
Loader jdk.internal.loader.ClassLoaders$PlatformClassLoader                            : 101513B
Loader org.gradle.internal.classloader.VisitableURLClassLoader$InstrumentingVisitableURLClassLoader: 93595B
Loader org.gradle.internal.classloader.VisitableURLClassLoader                         : 73935B
Loader jdk.internal.reflect.DelegatingClassLoader                                      : 39151B
Loader jdk.internal.loader.ClassLoaders$AppClassLoader                                 : 28352B
Loader org.gradle.groovy.scripts.internal.DefaultScriptCompilationHandler$ScriptClassLoader: 11526B
Loader org.codehaus.groovy.runtime.callsite.CallSiteClassLoader                        : 6718B

Classes loaded by more than one classloader:
Class org.gradle.internal.Cast                                                        : loaded 3 times (x 69B)
Class Program                                                                         : loaded 3 times (x 70B)
Class org.gradle.api.GradleException                                                  : loaded 3 times (x 80B)
Class org.gradle.internal.classpath.ClassPath                                         : loaded 2 times (x 68B)
Class org.gradle.api.internal.classpath.DefaultModuleRegistry                         : loaded 2 times (x 84B)
Class Settings_gradle$1$1                                                             : loaded 2 times (x 72B)
Class com.intellij.openapi.externalSystem.model.ExternalSystemException               : loaded 2 times (x 84B)
Class org.gradle.api.Action                                                           : loaded 2 times (x 68B)
Class org.jetbrains.kotlin.idea.gradleTooling.model.samWithReceiver.SamWithReceiverModel: loaded 2 times (x 68B)
Class org.jetbrains.plugins.gradle.model.ExternalProject                              : loaded 2 times (x 68B)
Class org.jetbrains.plugins.gradle.model.IntelliJSettings                             : loaded 2 times (x 68B)
Class org.jetbrains.kotlin.idea.gradleTooling.KotlinMPPGradleModel                    : loaded 2 times (x 68B)
Class org.gradle.api.internal.DefaultClassPathProvider                                : loaded 2 times (x 74B)
Class org.gradle.internal.installation.GradleInstallation$1                           : loaded 2 times (x 73B)
Class org.gradle.internal.exceptions.DefaultMultiCauseException                       : loaded 2 times (x 85B)
Class org.gradle.tooling.model.UnsupportedMethodException                             : loaded 2 times (x 80B)
Class org.gradle.internal.time.MonotonicClock                                         : loaded 2 times (x 75B)
Class org.gradle.internal.classloader.FilteringClassLoader                            : loaded 2 times (x 102B)
Class org.gradle.tooling.model.Model                                                  : loaded 2 times (x 68B)
Class org.gradle.internal.classpath.DefaultClassPath$ImmutableUniqueList$Builder      : loaded 2 times (x 73B)
Class org.jetbrains.kotlin.idea.gradleTooling.KotlinSourceSetContainer                : loaded 2 times (x 68B)
Class org.gradle.internal.classloader.ClassLoaderVisitor                              : loaded 2 times (x 74B)
Class org.gradle.internal.time.DefaultCountdownTimer                                  : loaded 2 times (x 86B)
Class org.gradle.internal.service.DefaultServiceLocator                               : loaded 2 times (x 81B)
Class org.gradle.internal.service.UnknownServiceException                             : loaded 2 times (x 81B)
Class org.jetbrains.plugins.gradle.model.DependencyAccessorsModel                     : loaded 2 times (x 68B)
Class org.gradle.internal.classloader.DefaultClassLoaderFactory                       : loaded 2 times (x 80B)
Class org.jetbrains.plugins.gradle.model.GradleExtensions                             : loaded 2 times (x 68B)
Class org.jetbrains.plugins.gradle.model.VersionCatalogsModel                         : loaded 2 times (x 68B)
Class org.gradle.internal.classloader.VisitableURLClassLoader$Spec                    : loaded 2 times (x 72B)
Class org.gradle.tooling.model.ProjectModel                                           : loaded 2 times (x 68B)
Class org.jetbrains.plugins.gradle.model.MavenRepositoryModel                         : loaded 2 times (x 68B)
Class org.gradle.tooling.internal.gradle.DefaultProjectIdentifier                     : loaded 2 times (x 84B)
Class org.gradle.util.GradleVersion                                                   : loaded 2 times (x 81B)
Class org.jetbrains.plugins.gradle.model.RepositoriesModel                            : loaded 2 times (x 68B)
Class kotlin.jvm.internal.markers.KMappedMarker                                       : loaded 2 times (x 68B)
Class org.gradle.api.internal.ClassPathProvider                                       : loaded 2 times (x 68B)
Class org.gradle.internal.classloader.ClasspathUtil$1                                 : loaded 2 times (x 74B)
Class org.gradle.internal.classloader.ClassLoaderFactory                              : loaded 2 times (x 68B)
Class org.gradle.api.internal.classpath.ManifestUtil                                  : loaded 2 times (x 69B)
Class org.gradle.api.specs.Spec                                                       : loaded 2 times (x 68B)
Class org.gradle.tooling.internal.gradle.GradleBuildIdentity                          : loaded 2 times (x 68B)
Class org.gradle.internal.IoActions                                                   : loaded 2 times (x 69B)
Class org.gradle.api.internal.classpath.EffectiveClassPath                            : loaded 2 times (x 88B)
Class kotlin.jvm.internal.DefaultConstructorMarker                                    : loaded 2 times (x 69B)
Class org.jetbrains.kotlin.idea.gradleTooling.model.annotation.AnnotationBasedPluginModel: loaded 2 times (x 68B)
Class org.jetbrains.kotlin.idea.gradleTooling.model.assignment.AssignmentModel        : loaded 2 times (x 68B)
Class org.gradle.internal.installation.CurrentGradleInstallation                      : loaded 2 times (x 71B)
Class org.gradle.internal.agents.InstrumentingClassLoader                             : loaded 2 times (x 68B)
Class org.gradle.internal.installation.CurrentGradleInstallationLocator               : loaded 2 times (x 69B)
Class org.gradle.api.internal.classpath.Module                                        : loaded 2 times (x 68B)
Class org.gradle.internal.service.CachingServiceLocator                               : loaded 2 times (x 80B)
Class org.gradle.internal.time.Timer                                                  : loaded 2 times (x 68B)
Class org.jetbrains.plugins.gradle.model.tests.ExternalTestsModel                     : loaded 2 times (x 68B)
Class org.jetbrains.kotlin.idea.gradleTooling.KotlinDslScriptAdditionalTask           : loaded 2 times (x 68B)
Class org.gradle.internal.classpath.DefaultClassPath                                  : loaded 2 times (x 88B)
Class com.intellij.openapi.externalSystem.model.project.dependencies.ProjectDependencies: loaded 2 times (x 68B)
Class org.jetbrains.kotlin.idea.gradleTooling.PrepareKotlinIdeImportTaskModel         : loaded 2 times (x 68B)
Class org.gradle.internal.impldep.com.google.common.base.Preconditions                : loaded 2 times (x 69B)
Class kotlin.jvm.functions.Function1                                                  : loaded 2 times (x 68B)
Class org.gradle.internal.time.Time                                                   : loaded 2 times (x 69B)
Class org.gradle.internal.time.TimeSource$1                                           : loaded 2 times (x 75B)
Class org.gradle.internal.classloader.SystemClassLoaderSpec                           : loaded 2 times (x 69B)
Class kotlin.Function                                                                 : loaded 2 times (x 68B)
Class org.gradle.api.UncheckedIOException                                             : loaded 2 times (x 80B)
Class org.gradle.api.internal.classpath.ModuleRegistry                                : loaded 2 times (x 68B)
Class org.gradle.tooling.internal.gradle.GradleProjectIdentity                        : loaded 2 times (x 68B)
Class org.gradle.internal.time.CountdownTimer                                         : loaded 2 times (x 68B)
Class org.gradle.internal.time.Clock                                                  : loaded 2 times (x 68B)
Class org.gradle.internal.classloader.ClasspathUtil                                   : loaded 2 times (x 69B)
Class org.gradle.tooling.model.BuildIdentifier                                        : loaded 2 times (x 68B)
Class org.gradle.api.internal.DefaultClassPathRegistry                                : loaded 2 times (x 74B)
Class org.gradle.api.internal.classpath.DefaultModuleRegistry$DefaultModule           : loaded 2 times (x 84B)
Class org.gradle.internal.time.TimeSource                                             : loaded 2 times (x 68B)
Class org.jetbrains.kotlin.android.synthetic.idea.AndroidExtensionsGradleModel        : loaded 2 times (x 68B)
Class org.gradle.api.internal.classpath.UnknownModuleException                        : loaded 2 times (x 80B)
Class ijinit_b0i7aq5dsdnjj2z79iu3o4h1h                                                : loaded 2 times (x 177B)
Class org.jetbrains.plugins.gradle.model.IntelliJProjectSettings                      : loaded 2 times (x 68B)
Class org.gradle.internal.service.ServiceLookupException                              : loaded 2 times (x 80B)
Class sync_studio_tooling4251_cgf72gtbhdc4o76jcjatzceq                                : loaded 2 times (x 177B)
Class org.gradle.cache.GlobalCache                                                    : loaded 2 times (x 68B)
Class org.jetbrains.kotlin.idea.gradleTooling.model.lombok.LombokModel                : loaded 2 times (x 68B)
Class org.gradle.tooling.model.ProjectIdentifier                                      : loaded 2 times (x 68B)
Class [Lorg.gradle.api.internal.ClassPathProvider;                                    : loaded 2 times (x 67B)
Class org.gradle.internal.operations.MultipleBuildOperationFailures                   : loaded 2 times (x 85B)
Class org.gradle.util.internal.GUtil                                                  : loaded 2 times (x 69B)
Class org.jetbrains.plugins.gradle.model.AnnotationProcessingModel                    : loaded 2 times (x 68B)
Class org.gradle.internal.classloader.ClassLoaderSpec                                 : loaded 2 times (x 69B)
Class org.jetbrains.plugins.gradle.model.BuildScriptClasspathModel                    : loaded 2 times (x 68B)
Class org.gradle.internal.classloader.VisitableURLClassLoader                         : loaded 2 times (x 114B)
Class org.gradle.internal.installation.GradleInstallation                             : loaded 2 times (x 73B)
Class org.gradle.api.internal.ClassPathRegistry                                       : loaded 2 times (x 68B)
Class org.gradle.internal.classloader.VisitableURLClassLoader$InstrumentingVisitableURLClassLoader: loaded 2 times (x 120B)
Class org.gradle.internal.classloader.ClassLoaderHierarchy                            : loaded 2 times (x 68B)
Class org.gradle.internal.exceptions.MultiCauseException                              : loaded 2 times (x 68B)
Class org.jetbrains.kotlin.idea.gradleTooling.model.parcelize.ParcelizeGradleModel    : loaded 2 times (x 68B)
Class org.gradle.internal.InternalTransformer                                         : loaded 2 times (x 68B)
Class org.jetbrains.kotlin.idea.gradleTooling.model.noarg.NoArgModel                  : loaded 2 times (x 68B)
Class org.jetbrains.kotlin.idea.gradleTooling.KotlinGradleModel                       : loaded 2 times (x 68B)
Class org.gradle.tooling.internal.gradle.DefaultBuildIdentifier                       : loaded 2 times (x 77B)
Class org.gradle.internal.service.ServiceLocator                                      : loaded 2 times (x 68B)
Class Settings_gradle$1                                                               : loaded 2 times (x 72B)
Class org.jetbrains.kotlin.idea.gradleTooling.model.allopen.AllOpenModel              : loaded 2 times (x 68B)
Class org.gradle.internal.classpath.DefaultClassPath$ImmutableUniqueList              : loaded 2 times (x 159B)
Class org.gradle.internal.time.DefaultTimer                                           : loaded 2 times (x 78B)
Class sync_studio_tooling4251_cgf72gtbhdc4o76jcjatzceq$_run_closure1                  : loaded 2 times (x 134B)
Class org.gradle.internal.classpath.TransformedClassPath                              : loaded 2 times (x 94B)
Class Settings_gradle                                                                 : loaded 2 times (x 126B)


---------------  S Y S T E M  ---------------

OS:
 Windows 11 , 64 bit Build 22621 (10.0.22621.3235)
OS uptime: 4 days 23:39 hours
Hyper-V role detected

CPU: total 8 (initial active 8) (8 cores per cpu, 2 threads per core) family 23 model 24 stepping 1 microcode 0x0, cx8, cmov, fxsr, ht, mmx, 3dnowpref, sse, sse2, sse3, ssse3, sse4a, sse4.1, sse4.2, popcnt, lzcnt, tsc, tscinvbit, avx, avx2, aes, clmul, bmi1, bmi2, adx, sha, fma, vzeroupper, clflush, clflushopt, hv

Memory: 4k page, system-wide physical 15308M (3712M free)
TotalPageFile size 17436M (AvailPageFile size 9M)
current process WorkingSet (physical memory assigned to process): 357M, peak: 358M
current process commit charge ("private bytes"): 388M, peak: 401M

vm_info: OpenJDK 64-Bit Server VM (17.0.7+0-b2043.56-10550314) for windows-amd64 JRE (17.0.7+0-b2043.56-10550314), built on Jul 24 2023 18:27:45 by "androidbuild" with MS VC++ 16.10 / 16.11 (VS2019)

END.
